[ 2016-12-31T11:00:31+08:00 ] 192.168.1.102 /1_NEW_project/new_system/home/perredcenter
INFO: [ app_init ] --START--
INFO: Run Behavior\BuildLiteBehavior [ RunTime:0.000000s ]
INFO: [ app_init ] --END-- [ RunTime:0.044922s ]
INFO: [ app_begin ] --START--
INFO: Run Behavior\ReadHtmlCacheBehavior [ RunTime:0.009765s ]
INFO: [ app_begin ] --END-- [ RunTime:0.011719s ]
INFO: [ view_parse ] --START--
INFO: [ template_filter ] --START--
INFO: Run Behavior\ContentReplaceBehavior [ RunTime:0.001953s ]
INFO: [ template_filter ] --END-- [ RunTime:0.003907s ]
INFO: Run Behavior\ParseTemplateBehavior [ RunTime:0.128906s ]
INFO: [ view_parse ] --END-- [ RunTime:0.130859s ]
INFO: [ view_filter ] --START--
INFO: Run Behavior\WriteHtmlCacheBehavior [ RunTime:0.009766s ]
INFO: [ view_filter ] --END-- [ RunTime:0.011719s ]
INFO: [ app_end ] --START--
INFO: Run Behavior\ShowPageTraceBehavior [ RunTime:0.003907s ]
INFO: [ app_end ] --END-- [ RunTime:0.005859s ]

[ 2016-12-31T11:01:01+08:00 ] 192.168.1.107 /1_NEW_project/new_system/home/perredcenter?winzoom=1
INFO: [ app_init ] --START--
INFO: Run Behavior\BuildLiteBehavior [ RunTime:0.000977s ]
INFO: [ app_init ] --END-- [ RunTime:0.002930s ]
INFO: [ app_begin ] --START--
INFO: Run Behavior\ReadHtmlCacheBehavior [ RunTime:0.002930s ]
INFO: [ app_begin ] --END-- [ RunTime:0.004883s ]
INFO: [ view_parse ] --START--
INFO: [ template_filter ] --START--
INFO: Run Behavior\ContentReplaceBehavior [ RunTime:0.000977s ]
INFO: [ template_filter ] --END-- [ RunTime:0.002930s ]
INFO: Run Behavior\ParseTemplateBehavior [ RunTime:0.056641s ]
INFO: [ view_parse ] --END-- [ RunTime:0.058593s ]
INFO: [ view_filter ] --START--
INFO: Run Behavior\WriteHtmlCacheBehavior [ RunTime:0.001953s ]
INFO: [ view_filter ] --END-- [ RunTime:0.003906s ]
INFO: [ app_end ] --START--
INFO: Run Behavior\ShowPageTraceBehavior [ RunTime:0.002930s ]
INFO: [ app_end ] --END-- [ RunTime:0.005859s ]

[ 2016-12-31T11:01:04+08:00 ] 192.168.1.107 /1_NEW_project/new_system/home/perredcenter?winzoom=1
INFO: [ app_init ] --START--
INFO: Run Behavior\BuildLiteBehavior [ RunTime:0.000977s ]
INFO: [ app_init ] --END-- [ RunTime:0.003907s ]
INFO: [ app_begin ] --START--
INFO: Run Behavior\ReadHtmlCacheBehavior [ RunTime:0.001953s ]
INFO: [ app_begin ] --END-- [ RunTime:0.004883s ]
INFO: [ view_parse ] --START--
INFO: [ template_filter ] --START--
INFO: Run Behavior\ContentReplaceBehavior [ RunTime:0.000000s ]
INFO: [ template_filter ] --END-- [ RunTime:0.002930s ]
INFO: Run Behavior\ParseTemplateBehavior [ RunTime:0.053711s ]
INFO: [ view_parse ] --END-- [ RunTime:0.055664s ]
INFO: [ view_filter ] --START--
INFO: Run Behavior\WriteHtmlCacheBehavior [ RunTime:0.001954s ]
INFO: [ view_filter ] --END-- [ RunTime:0.003906s ]
INFO: [ app_end ] --START--
INFO: Run Behavior\ShowPageTraceBehavior [ RunTime:0.001954s ]
INFO: [ app_end ] --END-- [ RunTime:0.003906s ]

[ 2016-12-31T11:02:16+08:00 ] 192.168.1.102 /1_NEW_project/new_system/home/login/login
INFO: [ app_init ] --START--
INFO: Run Behavior\BuildLiteBehavior [ RunTime:0.000000s ]
INFO: [ app_init ] --END-- [ RunTime:0.002930s ]
INFO: [ app_begin ] --START--
INFO: Run Behavior\ReadHtmlCacheBehavior [ RunTime:0.001953s ]
INFO: [ app_begin ] --END-- [ RunTime:0.003906s ]
INFO: [ view_parse ] --START--
INFO: [ template_filter ] --START--
INFO: Run Behavior\ContentReplaceBehavior [ RunTime:0.000977s ]
INFO: [ template_filter ] --END-- [ RunTime:0.002930s ]
NOTIC: [8] Undefined variable: we_chat D:\XAPM\htdocs\1_NEW_Project\new_system\App\Runtime\Cache\Home\f9efffcb1f8dad4a722859c04e23de24.php 第 56 行.
NOTIC: [8] Undefined variable: openid D:\XAPM\htdocs\1_NEW_Project\new_system\App\Runtime\Cache\Home\f9efffcb1f8dad4a722859c04e23de24.php 第 57 行.
NOTIC: [8] Undefined variable: nick_name D:\XAPM\htdocs\1_NEW_Project\new_system\App\Runtime\Cache\Home\f9efffcb1f8dad4a722859c04e23de24.php 第 58 行.
INFO: Run Behavior\ParseTemplateBehavior [ RunTime:0.157227s ]
INFO: [ view_parse ] --END-- [ RunTime:0.160156s ]
INFO: [ view_filter ] --START--
INFO: Run Behavior\WriteHtmlCacheBehavior [ RunTime:0.000977s ]
INFO: [ view_filter ] --END-- [ RunTime:0.002929s ]
INFO: [ app_end ] --START--
INFO: Run Behavior\ShowPageTraceBehavior [ RunTime:0.001953s ]
INFO: [ app_end ] --END-- [ RunTime:0.003907s ]

[ 2016-12-31T11:02:21+08:00 ] 192.168.1.107 /1_NEW_project/new_system/home/login/login?winzoom=1
INFO: [ app_init ] --START--
INFO: Run Behavior\BuildLiteBehavior [ RunTime:0.000000s ]
INFO: [ app_init ] --END-- [ RunTime:0.002930s ]
INFO: [ app_begin ] --START--
INFO: Run Behavior\ReadHtmlCacheBehavior [ RunTime:0.001953s ]
INFO: [ app_begin ] --END-- [ RunTime:0.003907s ]
INFO: [ view_parse ] --START--
INFO: [ template_filter ] --START--
INFO: Run Behavior\ContentReplaceBehavior [ RunTime:0.000977s ]
INFO: [ template_filter ] --END-- [ RunTime:0.002929s ]
NOTIC: [8] Undefined variable: we_chat D:\XAPM\htdocs\1_NEW_Project\new_system\App\Runtime\Cache\Home\f9efffcb1f8dad4a722859c04e23de24.php 第 56 行.
NOTIC: [8] Undefined variable: openid D:\XAPM\htdocs\1_NEW_Project\new_system\App\Runtime\Cache\Home\f9efffcb1f8dad4a722859c04e23de24.php 第 57 行.
NOTIC: [8] Undefined variable: nick_name D:\XAPM\htdocs\1_NEW_Project\new_system\App\Runtime\Cache\Home\f9efffcb1f8dad4a722859c04e23de24.php 第 58 行.
INFO: Run Behavior\ParseTemplateBehavior [ RunTime:0.060546s ]
INFO: [ view_parse ] --END-- [ RunTime:0.062500s ]
INFO: [ view_filter ] --START--
INFO: Run Behavior\WriteHtmlCacheBehavior [ RunTime:0.001953s ]
INFO: [ view_filter ] --END-- [ RunTime:0.003906s ]
INFO: [ app_end ] --START--
INFO: Run Behavior\ShowPageTraceBehavior [ RunTime:0.003906s ]
INFO: [ app_end ] --END-- [ RunTime:0.004882s ]

[ 2016-12-31T11:02:30+08:00 ] 192.168.1.107 /1_NEW_project/new_system/home/login/login
INFO: [ app_init ] --START--
INFO: Run Behavior\BuildLiteBehavior [ RunTime:0.000000s ]
INFO: [ app_init ] --END-- [ RunTime:0.002930s ]
INFO: [ app_begin ] --START--
INFO: Run Behavior\ReadHtmlCacheBehavior [ RunTime:0.002930s ]
INFO: [ app_begin ] --END-- [ RunTime:0.003907s ]
INFO: [ view_parse ] --START--
INFO: [ template_filter ] --START--
INFO: Run Behavior\ContentReplaceBehavior [ RunTime:0.000977s ]
INFO: [ template_filter ] --END-- [ RunTime:0.003906s ]
NOTIC: [8] Undefined variable: we_chat D:\XAPM\htdocs\1_NEW_Project\new_system\App\Runtime\Cache\Home\f9efffcb1f8dad4a722859c04e23de24.php 第 56 行.
NOTIC: [8] Undefined variable: openid D:\XAPM\htdocs\1_NEW_Project\new_system\App\Runtime\Cache\Home\f9efffcb1f8dad4a722859c04e23de24.php 第 57 行.
NOTIC: [8] Undefined variable: nick_name D:\XAPM\htdocs\1_NEW_Project\new_system\App\Runtime\Cache\Home\f9efffcb1f8dad4a722859c04e23de24.php 第 58 行.
INFO: Run Behavior\ParseTemplateBehavior [ RunTime:0.083984s ]
INFO: [ view_parse ] --END-- [ RunTime:0.085938s ]
INFO: [ view_filter ] --START--
INFO: Run Behavior\WriteHtmlCacheBehavior [ RunTime:0.001953s ]
INFO: [ view_filter ] --END-- [ RunTime:0.003906s ]
INFO: [ app_end ] --START--
INFO: Run Behavior\ShowPageTraceBehavior [ RunTime:0.001953s ]
INFO: [ app_end ] --END-- [ RunTime:0.003906s ]

[ 2016-12-31T12:14:17+08:00 ] 192.168.1.107 /1_NEW_project/new_system/home/login/login
INFO: [ app_init ] --START--
INFO: Run Behavior\BuildLiteBehavior [ RunTime:0.000000s ]
INFO: [ app_init ] --END-- [ RunTime:0.003906s ]
INFO: [ app_begin ] --START--
INFO: Run Behavior\ReadHtmlCacheBehavior [ RunTime:0.001953s ]
INFO: [ app_begin ] --END-- [ RunTime:0.003907s ]
INFO: [ view_parse ] --START--
INFO: [ template_filter ] --START--
INFO: Run Behavior\ContentReplaceBehavior [ RunTime:0.000976s ]
INFO: [ template_filter ] --END-- [ RunTime:0.002930s ]
NOTIC: [8] Undefined variable: we_chat D:\XAPM\htdocs\1_NEW_Project\new_system\App\Runtime\Cache\Home\f9efffcb1f8dad4a722859c04e23de24.php 第 56 行.
NOTIC: [8] Undefined variable: openid D:\XAPM\htdocs\1_NEW_Project\new_system\App\Runtime\Cache\Home\f9efffcb1f8dad4a722859c04e23de24.php 第 57 行.
NOTIC: [8] Undefined variable: nick_name D:\XAPM\htdocs\1_NEW_Project\new_system\App\Runtime\Cache\Home\f9efffcb1f8dad4a722859c04e23de24.php 第 58 行.
INFO: Run Behavior\ParseTemplateBehavior [ RunTime:0.123047s ]
INFO: [ view_parse ] --END-- [ RunTime:0.125977s ]
INFO: [ view_filter ] --START--
INFO: Run Behavior\WriteHtmlCacheBehavior [ RunTime:0.001953s ]
INFO: [ view_filter ] --END-- [ RunTime:0.003907s ]
INFO: [ app_end ] --START--
INFO: Run Behavior\ShowPageTraceBehavior [ RunTime:0.001953s ]
INFO: [ app_end ] --END-- [ RunTime:0.003906s ]

[ 2016-12-31T12:14:21+08:00 ] 192.168.1.107 /1_NEW_project/new_system/home/login/login/login
INFO: [ app_init ] --START--
INFO: Run Behavior\BuildLiteBehavior [ RunTime:0.000976s ]
INFO: [ app_init ] --END-- [ RunTime:0.003907s ]
INFO: [ app_begin ] --START--
INFO: Run Behavior\ReadHtmlCacheBehavior [ RunTime:0.001953s ]
INFO: [ app_begin ] --END-- [ RunTime:0.022461s ]
NOTIC: [2] Illegal string offset 'codes' D:\XAPM\htdocs\1_NEW_Project\new_system\App\Home\Controller\LoginController.class.php 第 26 行.

[ 2016-12-31T12:15:05+08:00 ] 192.168.1.107 /1_NEW_project/new_system/home/perredcenter
INFO: [ app_init ] --START--
INFO: Run Behavior\BuildLiteBehavior [ RunTime:0.000000s ]
INFO: [ app_init ] --END-- [ RunTime:0.003906s ]
INFO: [ app_begin ] --START--
INFO: Run Behavior\ReadHtmlCacheBehavior [ RunTime:0.001953s ]
INFO: [ app_begin ] --END-- [ RunTime:0.003907s ]
INFO: [ view_parse ] --START--
INFO: [ template_filter ] --START--
INFO: Run Behavior\ContentReplaceBehavior [ RunTime:0.000976s ]
INFO: [ template_filter ] --END-- [ RunTime:0.004882s ]
INFO: Run Behavior\ParseTemplateBehavior [ RunTime:0.058594s ]
INFO: [ view_parse ] --END-- [ RunTime:0.062500s ]
INFO: [ view_filter ] --START--
INFO: Run Behavior\WriteHtmlCacheBehavior [ RunTime:0.002930s ]
INFO: [ view_filter ] --END-- [ RunTime:0.003907s ]
INFO: [ app_end ] --START--
INFO: Run Behavior\ShowPageTraceBehavior [ RunTime:0.001953s ]
INFO: [ app_end ] --END-- [ RunTime:0.003906s ]

[ 2016-12-31T12:15:06+08:00 ] 192.168.1.107 /1_NEW_project/new_system/home/perredcenter
INFO: [ app_init ] --START--
INFO: Run Behavior\BuildLiteBehavior [ RunTime:0.000000s ]
INFO: [ app_init ] --END-- [ RunTime:0.002930s ]
INFO: [ app_begin ] --START--
INFO: Run Behavior\ReadHtmlCacheBehavior [ RunTime:0.003906s ]
INFO: [ app_begin ] --END-- [ RunTime:0.005860s ]
INFO: [ view_parse ] --START--
INFO: [ template_filter ] --START--
INFO: Run Behavior\ContentReplaceBehavior [ RunTime:0.000977s ]
INFO: [ template_filter ] --END-- [ RunTime:0.002929s ]
INFO: Run Behavior\ParseTemplateBehavior [ RunTime:0.057617s ]
INFO: [ view_parse ] --END-- [ RunTime:0.059571s ]
INFO: [ view_filter ] --START--
INFO: Run Behavior\WriteHtmlCacheBehavior [ RunTime:0.001953s ]
INFO: [ view_filter ] --END-- [ RunTime:0.004883s ]
INFO: [ app_end ] --START--
INFO: Run Behavior\ShowPageTraceBehavior [ RunTime:0.001953s ]
INFO: [ app_end ] --END-- [ RunTime:0.004883s ]

[ 2016-12-31T12:15:07+08:00 ] 192.168.1.107 /1_NEW_Project/new_system/Home/Wechat/bind_we_chat
INFO: [ app_init ] --START--
INFO: Run Behavior\BuildLiteBehavior [ RunTime:0.000977s ]
INFO: [ app_init ] --END-- [ RunTime:0.003906s ]
INFO: [ app_begin ] --START--
INFO: Run Behavior\ReadHtmlCacheBehavior [ RunTime:0.002930s ]
INFO: [ app_begin ] --END-- [ RunTime:0.005859s ]

[ 2016-12-31T12:15:14+08:00 ] 192.168.1.107 /1_NEW_project/new_system/?m=home&c=wechat&a=we_chat_bind&openid=onTfUsnORa4E6rwkE2uMGx02oR0I&nick_name=a%EF%BD%9B%E9%A9%AC%E6%A2%93%E8%BE%BE%EF%BC%9A%27
INFO: [ app_init ] --START--
INFO: Run Behavior\BuildLiteBehavior [ RunTime:0.000000s ]
INFO: [ app_init ] --END-- [ RunTime:0.002930s ]
INFO: [ app_begin ] --START--
INFO: Run Behavior\ReadHtmlCacheBehavior [ RunTime:0.001953s ]
INFO: [ app_begin ] --END-- [ RunTime:0.003906s ]
NOTIC: [8] Undefined index: uid D:\XAPM\htdocs\1_NEW_Project\new_system\App\Home\Controller\WechatController.class.php 第 30 行.
NOTIC: [8] Undefined index: mobile D:\XAPM\htdocs\1_NEW_Project\new_system\App\Home\Controller\WechatController.class.php 第 31 行.
NOTIC: [8] Undefined index: uid D:\XAPM\htdocs\1_NEW_Project\new_system\App\Home\Controller\WechatController.class.php 第 32 行.
INFO: [ view_parse ] --START--
INFO: [ template_filter ] --START--
INFO: Run Behavior\ContentReplaceBehavior [ RunTime:0.000977s ]
INFO: [ template_filter ] --END-- [ RunTime:0.003906s ]
INFO: Run Behavior\ParseTemplateBehavior [ RunTime:0.058594s ]
INFO: [ view_parse ] --END-- [ RunTime:0.060546s ]
INFO: [ view_filter ] --START--
INFO: Run Behavior\WriteHtmlCacheBehavior [ RunTime:0.001953s ]
INFO: [ view_filter ] --END-- [ RunTime:0.004883s ]

[ 2016-12-31T13:17:38+08:00 ] 192.168.1.107 /1_NEW_project/new_system/?m=home&c=wechat&a=we_chat_bind&openid=FDSFDSFSFSFSS&nick_name=a%EF%BD%9B%E9%A9%AC%E6%A2%93%E8%BE%BE%EF%BC%9A%27
INFO: [ app_init ] --START--
INFO: Run Behavior\BuildLiteBehavior [ RunTime:0.000000s ]
INFO: [ app_init ] --END-- [ RunTime:0.013672s ]
INFO: [ app_begin ] --START--
INFO: Run Behavior\ReadHtmlCacheBehavior [ RunTime:0.001954s ]
INFO: [ app_begin ] --END-- [ RunTime:0.004883s ]
NOTIC: [8] Undefined index: uid D:\XAPM\htdocs\1_NEW_Project\new_system\App\Home\Controller\WechatController.class.php 第 30 行.
NOTIC: [8] Undefined index: mobile D:\XAPM\htdocs\1_NEW_Project\new_system\App\Home\Controller\WechatController.class.php 第 31 行.
NOTIC: [8] Undefined index: uid D:\XAPM\htdocs\1_NEW_Project\new_system\App\Home\Controller\WechatController.class.php 第 32 行.
INFO: [ view_parse ] --START--
INFO: [ template_filter ] --START--
INFO: Run Behavior\ContentReplaceBehavior [ RunTime:0.000977s ]
INFO: [ template_filter ] --END-- [ RunTime:0.002930s ]
INFO: Run Behavior\ParseTemplateBehavior [ RunTime:0.068359s ]
INFO: [ view_parse ] --END-- [ RunTime:0.070313s ]
INFO: [ view_filter ] --START--
INFO: Run Behavior\WriteHtmlCacheBehavior [ RunTime:0.001953s ]
INFO: [ view_filter ] --END-- [ RunTime:0.004883s ]

[ 2016-12-31T13:18:28+08:00 ] 192.168.1.107 /1_NEW_project/new_system/Home/register/grzc
INFO: [ app_init ] --START--
INFO: Run Behavior\BuildLiteBehavior [ RunTime:0.000000s ]
INFO: [ app_init ] --END-- [ RunTime:0.002929s ]
INFO: [ app_begin ] --START--
INFO: Run Behavior\ReadHtmlCacheBehavior [ RunTime:0.003906s ]
INFO: [ app_begin ] --END-- [ RunTime:0.005859s ]
INFO: [ view_parse ] --START--
INFO: [ template_filter ] --START--
INFO: Run Behavior\ContentReplaceBehavior [ RunTime:0.000977s ]
INFO: [ template_filter ] --END-- [ RunTime:0.002929s ]
INFO: Run Behavior\ParseTemplateBehavior [ RunTime:0.044922s ]
INFO: [ view_parse ] --END-- [ RunTime:0.046875s ]
INFO: [ view_filter ] --START--
INFO: Run Behavior\WriteHtmlCacheBehavior [ RunTime:0.001953s ]
INFO: [ view_filter ] --END-- [ RunTime:0.003906s ]
INFO: [ app_end ] --START--
INFO: Run Behavior\ShowPageTraceBehavior [ RunTime:0.009765s ]
INFO: [ app_end ] --END-- [ RunTime:0.010742s ]

[ 2016-12-31T13:20:39+08:00 ] 192.168.1.107 /1_NEW_project/new_system/?m=home&c=wechat&a=we_chat_bind&openid=FDSFDSFSFSFSS&nick_name=a%EF%BD%9B%E9%A9%AC%E6%A2%93%E8%BE%BE%EF%BC%9A%27
INFO: [ app_init ] --START--
INFO: Run Behavior\BuildLiteBehavior [ RunTime:0.000976s ]
INFO: [ app_init ] --END-- [ RunTime:0.004883s ]
INFO: [ app_begin ] --START--
INFO: Run Behavior\ReadHtmlCacheBehavior [ RunTime:0.002929s ]
INFO: [ app_begin ] --END-- [ RunTime:0.004883s ]
NOTIC: [8] Undefined index: uid D:\XAPM\htdocs\1_NEW_Project\new_system\App\Home\Controller\WechatController.class.php 第 30 行.
NOTIC: [8] Undefined index: mobile D:\XAPM\htdocs\1_NEW_Project\new_system\App\Home\Controller\WechatController.class.php 第 31 行.
NOTIC: [8] Undefined index: uid D:\XAPM\htdocs\1_NEW_Project\new_system\App\Home\Controller\WechatController.class.php 第 32 行.
INFO: [ view_parse ] --START--
INFO: [ template_filter ] --START--
INFO: Run Behavior\ContentReplaceBehavior [ RunTime:0.000000s ]
INFO: [ template_filter ] --END-- [ RunTime:0.002930s ]
INFO: Run Behavior\ParseTemplateBehavior [ RunTime:0.066406s ]
INFO: [ view_parse ] --END-- [ RunTime:0.069336s ]
INFO: [ view_filter ] --START--
INFO: Run Behavior\WriteHtmlCacheBehavior [ RunTime:0.002929s ]
INFO: [ view_filter ] --END-- [ RunTime:0.004883s ]

[ 2016-12-31T13:20:51+08:00 ] 192.168.1.107 /1_NEW_project/new_system/Home/register/grzc
INFO: [ app_init ] --START--
INFO: Run Behavior\BuildLiteBehavior [ RunTime:0.000977s ]
INFO: [ app_init ] --END-- [ RunTime:0.004883s ]
INFO: [ app_begin ] --START--
INFO: Run Behavior\ReadHtmlCacheBehavior [ RunTime:0.002930s ]
INFO: [ app_begin ] --END-- [ RunTime:0.004883s ]
INFO: [ view_parse ] --START--
INFO: [ template_filter ] --START--
INFO: Run Behavior\ContentReplaceBehavior [ RunTime:0.000977s ]
INFO: [ template_filter ] --END-- [ RunTime:0.002929s ]
INFO: Run Behavior\ParseTemplateBehavior [ RunTime:0.130859s ]
INFO: [ view_parse ] --END-- [ RunTime:0.132813s ]
INFO: [ view_filter ] --START--
INFO: Run Behavior\WriteHtmlCacheBehavior [ RunTime:0.001953s ]
INFO: [ view_filter ] --END-- [ RunTime:0.003906s ]
INFO: [ app_end ] --START--
INFO: Run Behavior\ShowPageTraceBehavior [ RunTime:0.001953s ]
INFO: [ app_end ] --END-- [ RunTime:0.003906s ]

[ 2016-12-31T13:21:27+08:00 ] 192.168.1.107 /1_NEW_project/new_system/Home/register/grzc
INFO: [ app_init ] --START--
INFO: Run Behavior\BuildLiteBehavior [ RunTime:0.000000s ]
INFO: [ app_init ] --END-- [ RunTime:0.002930s ]
INFO: [ app_begin ] --START--
INFO: Run Behavior\ReadHtmlCacheBehavior [ RunTime:0.003906s ]
INFO: [ app_begin ] --END-- [ RunTime:0.006836s ]
INFO: [ view_parse ] --START--
INFO: [ template_filter ] --START--
INFO: Run Behavior\ContentReplaceBehavior [ RunTime:0.000977s ]
INFO: [ template_filter ] --END-- [ RunTime:0.001953s ]
INFO: Run Behavior\ParseTemplateBehavior [ RunTime:0.052735s ]
INFO: [ view_parse ] --END-- [ RunTime:0.054687s ]
INFO: [ view_filter ] --START--
INFO: Run Behavior\WriteHtmlCacheBehavior [ RunTime:0.002930s ]
INFO: [ view_filter ] --END-- [ RunTime:0.005859s ]
INFO: [ app_end ] --START--
INFO: Run Behavior\ShowPageTraceBehavior [ RunTime:0.002930s ]
INFO: [ app_end ] --END-- [ RunTime:0.005859s ]

[ 2016-12-31T13:21:38+08:00 ] 192.168.1.107 /1_NEW_Project/new_system/Home/Register/qyzc
INFO: [ app_init ] --START--
INFO: Run Behavior\BuildLiteBehavior [ RunTime:0.000000s ]
INFO: [ app_init ] --END-- [ RunTime:0.002930s ]
INFO: [ app_begin ] --START--
INFO: Run Behavior\ReadHtmlCacheBehavior [ RunTime:0.001953s ]
INFO: [ app_begin ] --END-- [ RunTime:0.003906s ]
INFO: [ view_parse ] --START--
INFO: [ template_filter ] --START--
INFO: Run Behavior\ContentReplaceBehavior [ RunTime:0.000976s ]
INFO: [ template_filter ] --END-- [ RunTime:0.002930s ]
INFO: Run Behavior\ParseTemplateBehavior [ RunTime:0.101562s ]
INFO: [ view_parse ] --END-- [ RunTime:0.109375s ]
INFO: [ view_filter ] --START--
INFO: Run Behavior\WriteHtmlCacheBehavior [ RunTime:0.001953s ]
INFO: [ view_filter ] --END-- [ RunTime:0.002930s ]
INFO: [ app_end ] --START--
INFO: Run Behavior\ShowPageTraceBehavior [ RunTime:0.002930s ]
INFO: [ app_end ] --END-- [ RunTime:0.005859s ]

[ 2016-12-31T13:24:18+08:00 ] 192.168.1.107 /1_NEW_Project/new_system/Home/Register/qyzc
INFO: [ app_init ] --START--
INFO: Run Behavior\BuildLiteBehavior [ RunTime:0.000977s ]
INFO: [ app_init ] --END-- [ RunTime:0.003906s ]
INFO: [ app_begin ] --START--
INFO: Run Behavior\ReadHtmlCacheBehavior [ RunTime:0.001953s ]
INFO: [ app_begin ] --END-- [ RunTime:0.003906s ]
INFO: [ view_parse ] --START--
INFO: [ template_filter ] --START--
INFO: Run Behavior\ContentReplaceBehavior [ RunTime:0.000976s ]
INFO: [ template_filter ] --END-- [ RunTime:0.002930s ]
INFO: Run Behavior\ParseTemplateBehavior [ RunTime:0.039063s ]
INFO: [ view_parse ] --END-- [ RunTime:0.040039s ]
INFO: [ view_filter ] --START--
INFO: Run Behavior\WriteHtmlCacheBehavior [ RunTime:0.001953s ]
INFO: [ view_filter ] --END-- [ RunTime:0.003906s ]
INFO: [ app_end ] --START--
INFO: Run Behavior\ShowPageTraceBehavior [ RunTime:0.001953s ]
INFO: [ app_end ] --END-- [ RunTime:0.003906s ]

[ 2016-12-31T13:24:25+08:00 ] 192.168.1.107 /1_NEW_Project/new_system/Home/Register/grzc
INFO: [ app_init ] --START--
INFO: Run Behavior\BuildLiteBehavior [ RunTime:0.000000s ]
INFO: [ app_init ] --END-- [ RunTime:0.002930s ]
INFO: [ app_begin ] --START--
INFO: Run Behavior\ReadHtmlCacheBehavior [ RunTime:0.002929s ]
INFO: [ app_begin ] --END-- [ RunTime:0.006835s ]
INFO: [ view_parse ] --START--
INFO: [ template_filter ] --START--
INFO: Run Behavior\ContentReplaceBehavior [ RunTime:0.000977s ]
INFO: [ template_filter ] --END-- [ RunTime:0.002930s ]
INFO: Run Behavior\ParseTemplateBehavior [ RunTime:0.038086s ]
INFO: [ view_parse ] --END-- [ RunTime:0.041016s ]
INFO: [ view_filter ] --START--
INFO: Run Behavior\WriteHtmlCacheBehavior [ RunTime:0.002930s ]
INFO: [ view_filter ] --END-- [ RunTime:0.005860s ]
INFO: [ app_end ] --START--
INFO: Run Behavior\ShowPageTraceBehavior [ RunTime:0.001953s ]
INFO: [ app_end ] --END-- [ RunTime:0.003907s ]

[ 2016-12-31T13:25:01+08:00 ] 192.168.1.107 /1_NEW_Project/new_system/Home/Register/grzc
INFO: [ app_init ] --START--
INFO: Run Behavior\BuildLiteBehavior [ RunTime:0.000000s ]
INFO: [ app_init ] --END-- [ RunTime:0.002930s ]
INFO: [ app_begin ] --START--
INFO: Run Behavior\ReadHtmlCacheBehavior [ RunTime:0.001953s ]
INFO: [ app_begin ] --END-- [ RunTime:0.003907s ]
INFO: [ view_parse ] --START--
INFO: [ template_filter ] --START--
INFO: Run Behavior\ContentReplaceBehavior [ RunTime:0.000976s ]
INFO: [ template_filter ] --END-- [ RunTime:0.002930s ]
INFO: Run Behavior\ParseTemplateBehavior [ RunTime:0.044922s ]
INFO: [ view_parse ] --END-- [ RunTime:0.046875s ]
INFO: [ view_filter ] --START--
INFO: Run Behavior\WriteHtmlCacheBehavior [ RunTime:0.001953s ]
INFO: [ view_filter ] --END-- [ RunTime:0.004882s ]
INFO: [ app_end ] --START--
INFO: Run Behavior\ShowPageTraceBehavior [ RunTime:0.001953s ]
INFO: [ app_end ] --END-- [ RunTime:0.003906s ]

[ 2016-12-31T13:25:17+08:00 ] 192.168.1.107 /1_NEW_Project/new_system/Home/Register/qyzc
INFO: [ app_init ] --START--
INFO: Run Behavior\BuildLiteBehavior [ RunTime:0.000000s ]
INFO: [ app_init ] --END-- [ RunTime:0.002929s ]
INFO: [ app_begin ] --START--
INFO: Run Behavior\ReadHtmlCacheBehavior [ RunTime:0.002930s ]
INFO: [ app_begin ] --END-- [ RunTime:0.005859s ]
INFO: [ view_parse ] --START--
INFO: [ template_filter ] --START--
INFO: Run Behavior\ContentReplaceBehavior [ RunTime:0.000977s ]
INFO: [ template_filter ] --END-- [ RunTime:0.003906s ]
INFO: Run Behavior\ParseTemplateBehavior [ RunTime:0.040039s ]
INFO: [ view_parse ] --END-- [ RunTime:0.041992s ]
INFO: [ view_filter ] --START--
INFO: Run Behavior\WriteHtmlCacheBehavior [ RunTime:0.002930s ]
INFO: [ view_filter ] --END-- [ RunTime:0.005860s ]
INFO: [ app_end ] --START--
INFO: Run Behavior\ShowPageTraceBehavior [ RunTime:0.001953s ]
INFO: [ app_end ] --END-- [ RunTime:0.003907s ]

[ 2016-12-31T13:27:58+08:00 ] 192.168.1.107 /1_NEW_Project/new_system/Home/Register/qyzc
INFO: [ app_init ] --START--
INFO: Run Behavior\BuildLiteBehavior [ RunTime:0.000000s ]
INFO: [ app_init ] --END-- [ RunTime:0.006836s ]
INFO: [ app_begin ] --START--
INFO: Run Behavior\ReadHtmlCacheBehavior [ RunTime:0.002930s ]
INFO: [ app_begin ] --END-- [ RunTime:0.005860s ]
INFO: [ view_parse ] --START--
INFO: [ template_filter ] --START--
INFO: Run Behavior\ContentReplaceBehavior [ RunTime:0.000976s ]
INFO: [ template_filter ] --END-- [ RunTime:0.003906s ]
INFO: Run Behavior\ParseTemplateBehavior [ RunTime:0.043946s ]
INFO: [ view_parse ] --END-- [ RunTime:0.044922s ]
INFO: [ view_filter ] --START--
INFO: Run Behavior\WriteHtmlCacheBehavior [ RunTime:0.001953s ]
INFO: [ view_filter ] --END-- [ RunTime:0.003907s ]
INFO: [ app_end ] --START--
INFO: Run Behavior\ShowPageTraceBehavior [ RunTime:0.002930s ]
INFO: [ app_end ] --END-- [ RunTime:0.004883s ]

[ 2016-12-31T13:28:01+08:00 ] 192.168.1.107 /1_NEW_Project/new_system/Home/Register/home/code/sendcode
INFO: [ app_init ] --START--
INFO: Run Behavior\BuildLiteBehavior [ RunTime:0.000000s ]
INFO: [ app_init ] --END-- [ RunTime:0.002929s ]
INFO: [ app_begin ] --START--
INFO: Run Behavior\ReadHtmlCacheBehavior [ RunTime:0.001953s ]
INFO: [ app_begin ] --END-- [ RunTime:0.003906s ]
ERR: 非法操作:home

[ 2016-12-31T13:28:44+08:00 ] 192.168.1.107 /1_NEW_Project/new_system/Home/Register/qyzc
INFO: [ app_init ] --START--
INFO: Run Behavior\BuildLiteBehavior [ RunTime:0.000976s ]
INFO: [ app_init ] --END-- [ RunTime:0.003907s ]
INFO: [ app_begin ] --START--
INFO: Run Behavior\ReadHtmlCacheBehavior [ RunTime:0.001953s ]
INFO: [ app_begin ] --END-- [ RunTime:0.004883s ]
INFO: [ view_parse ] --START--
INFO: [ template_filter ] --START--
INFO: Run Behavior\ContentReplaceBehavior [ RunTime:0.000977s ]
INFO: [ template_filter ] --END-- [ RunTime:0.002929s ]
INFO: Run Behavior\ParseTemplateBehavior [ RunTime:0.039063s ]
INFO: [ view_parse ] --END-- [ RunTime:0.041016s ]
INFO: [ view_filter ] --START--
INFO: Run Behavior\WriteHtmlCacheBehavior [ RunTime:0.003906s ]
INFO: [ view_filter ] --END-- [ RunTime:0.005859s ]
INFO: [ app_end ] --START--
INFO: Run Behavior\ShowPageTraceBehavior [ RunTime:0.001953s ]
INFO: [ app_end ] --END-- [ RunTime:0.003906s ]

[ 2016-12-31T13:29:22+08:00 ] 192.168.1.107 /1_NEW_Project/new_system/Home/Wechat/bind_we_chat
INFO: [ app_init ] --START--
INFO: Run Behavior\BuildLiteBehavior [ RunTime:0.000000s ]
INFO: [ app_init ] --END-- [ RunTime:0.005859s ]
INFO: [ app_begin ] --START--
INFO: Run Behavior\ReadHtmlCacheBehavior [ RunTime:0.002929s ]
INFO: [ app_begin ] --END-- [ RunTime:0.004883s ]

[ 2016-12-31T13:29:26+08:00 ] 192.168.1.107 /1_NEW_project/new_system/?m=home&c=wechat&a=we_chat_bind&openid=onTfUsnORa4E6rwkE2uMGx02oR0I&nick_name=a%EF%BD%9B%E9%A9%AC%E6%A2%93%E8%BE%BE%EF%BC%9A%27
INFO: [ app_init ] --START--
INFO: Run Behavior\BuildLiteBehavior [ RunTime:0.000000s ]
INFO: [ app_init ] --END-- [ RunTime:0.003906s ]
INFO: [ app_begin ] --START--
INFO: Run Behavior\ReadHtmlCacheBehavior [ RunTime:0.001954s ]
INFO: [ app_begin ] --END-- [ RunTime:0.003906s ]
NOTIC: [8] Undefined index: uid D:\XAPM\htdocs\1_NEW_Project\new_system\App\Home\Controller\WechatController.class.php 第 30 行.
NOTIC: [8] Undefined index: mobile D:\XAPM\htdocs\1_NEW_Project\new_system\App\Home\Controller\WechatController.class.php 第 31 行.
NOTIC: [8] Undefined index: uid D:\XAPM\htdocs\1_NEW_Project\new_system\App\Home\Controller\WechatController.class.php 第 32 行.
INFO: [ view_parse ] --START--
INFO: [ template_filter ] --START--
INFO: Run Behavior\ContentReplaceBehavior [ RunTime:0.000000s ]
INFO: [ template_filter ] --END-- [ RunTime:0.001953s ]
INFO: Run Behavior\ParseTemplateBehavior [ RunTime:0.059570s ]
INFO: [ view_parse ] --END-- [ RunTime:0.063477s ]
INFO: [ view_filter ] --START--
INFO: Run Behavior\WriteHtmlCacheBehavior [ RunTime:0.001953s ]
INFO: [ view_filter ] --END-- [ RunTime:0.005859s ]

[ 2016-12-31T13:30:58+08:00 ] 192.168.1.107 /1_NEW_project/new_system/home/login/login?winzoom=1
INFO: [ app_init ] --START--
INFO: Run Behavior\BuildLiteBehavior [ RunTime:0.000000s ]
INFO: [ app_init ] --END-- [ RunTime:0.004883s ]
INFO: [ app_begin ] --START--
INFO: Run Behavior\ReadHtmlCacheBehavior [ RunTime:0.002929s ]
INFO: [ app_begin ] --END-- [ RunTime:0.007813s ]
INFO: [ view_parse ] --START--
INFO: [ template_filter ] --START--
INFO: Run Behavior\ContentReplaceBehavior [ RunTime:0.000976s ]
INFO: [ template_filter ] --END-- [ RunTime:0.001953s ]
NOTIC: [8] Undefined variable: we_chat D:\XAPM\htdocs\1_NEW_Project\new_system\App\Runtime\Cache\Home\f9efffcb1f8dad4a722859c04e23de24.php 第 56 行.
NOTIC: [8] Undefined variable: openid D:\XAPM\htdocs\1_NEW_Project\new_system\App\Runtime\Cache\Home\f9efffcb1f8dad4a722859c04e23de24.php 第 57 行.
NOTIC: [8] Undefined variable: nick_name D:\XAPM\htdocs\1_NEW_Project\new_system\App\Runtime\Cache\Home\f9efffcb1f8dad4a722859c04e23de24.php 第 58 行.
INFO: Run Behavior\ParseTemplateBehavior [ RunTime:0.089844s ]
INFO: [ view_parse ] --END-- [ RunTime:0.090820s ]
INFO: [ view_filter ] --START--
INFO: Run Behavior\WriteHtmlCacheBehavior [ RunTime:0.001954s ]
INFO: [ view_filter ] --END-- [ RunTime:0.004883s ]
INFO: [ app_end ] --START--
INFO: Run Behavior\ShowPageTraceBehavior [ RunTime:0.001954s ]
INFO: [ app_end ] --END-- [ RunTime:0.004883s ]

[ 2016-12-31T13:31:04+08:00 ] 192.168.1.107 /1_NEW_project/new_system/home/login/login
INFO: [ app_init ] --START--
INFO: Run Behavior\BuildLiteBehavior [ RunTime:0.000977s ]
INFO: [ app_init ] --END-- [ RunTime:0.004883s ]
INFO: [ app_begin ] --START--
INFO: Run Behavior\ReadHtmlCacheBehavior [ RunTime:0.001953s ]
INFO: [ app_begin ] --END-- [ RunTime:0.003907s ]
INFO: [ view_parse ] --START--
INFO: [ template_filter ] --START--
INFO: Run Behavior\ContentReplaceBehavior [ RunTime:0.000976s ]
INFO: [ template_filter ] --END-- [ RunTime:0.003907s ]
NOTIC: [8] Undefined variable: we_chat D:\XAPM\htdocs\1_NEW_Project\new_system\App\Runtime\Cache\Home\f9efffcb1f8dad4a722859c04e23de24.php 第 56 行.
NOTIC: [8] Undefined variable: openid D:\XAPM\htdocs\1_NEW_Project\new_system\App\Runtime\Cache\Home\f9efffcb1f8dad4a722859c04e23de24.php 第 57 行.
NOTIC: [8] Undefined variable: nick_name D:\XAPM\htdocs\1_NEW_Project\new_system\App\Runtime\Cache\Home\f9efffcb1f8dad4a722859c04e23de24.php 第 58 行.
INFO: Run Behavior\ParseTemplateBehavior [ RunTime:0.061524s ]
INFO: [ view_parse ] --END-- [ RunTime:0.063476s ]
INFO: [ view_filter ] --START--
INFO: Run Behavior\WriteHtmlCacheBehavior [ RunTime:0.001954s ]
INFO: [ view_filter ] --END-- [ RunTime:0.003906s ]
INFO: [ app_end ] --START--
INFO: Run Behavior\ShowPageTraceBehavior [ RunTime:0.002930s ]
INFO: [ app_end ] --END-- [ RunTime:0.005860s ]

[ 2016-12-31T13:31:09+08:00 ] 192.168.1.107 /1_NEW_project/new_system/home/login/login/login
INFO: [ app_init ] --START--
INFO: Run Behavior\BuildLiteBehavior [ RunTime:0.000977s ]
INFO: [ app_init ] --END-- [ RunTime:0.002930s ]
INFO: [ app_begin ] --START--
INFO: Run Behavior\ReadHtmlCacheBehavior [ RunTime:0.001953s ]
INFO: [ app_begin ] --END-- [ RunTime:0.002929s ]
NOTIC: [2] Illegal string offset 'codes' D:\XAPM\htdocs\1_NEW_Project\new_system\App\Home\Controller\LoginController.class.php 第 26 行.

[ 2016-12-31T13:32:23+08:00 ] 192.168.1.107 /1_NEW_project/new_system/home/login/login
INFO: [ app_init ] --START--
INFO: Run Behavior\BuildLiteBehavior [ RunTime:0.000000s ]
INFO: [ app_init ] --END-- [ RunTime:0.004883s ]
INFO: [ app_begin ] --START--
INFO: Run Behavior\ReadHtmlCacheBehavior [ RunTime:0.002930s ]
INFO: [ app_begin ] --END-- [ RunTime:0.005859s ]
INFO: [ view_parse ] --START--
INFO: [ template_filter ] --START--
INFO: Run Behavior\ContentReplaceBehavior [ RunTime:0.000976s ]
INFO: [ template_filter ] --END-- [ RunTime:0.002930s ]
NOTIC: [8] Undefined variable: we_chat D:\XAPM\htdocs\1_NEW_Project\new_system\App\Runtime\Cache\Home\f9efffcb1f8dad4a722859c04e23de24.php 第 56 行.
NOTIC: [8] Undefined variable: openid D:\XAPM\htdocs\1_NEW_Project\new_system\App\Runtime\Cache\Home\f9efffcb1f8dad4a722859c04e23de24.php 第 57 行.
NOTIC: [8] Undefined variable: nick_name D:\XAPM\htdocs\1_NEW_Project\new_system\App\Runtime\Cache\Home\f9efffcb1f8dad4a722859c04e23de24.php 第 58 行.
INFO: Run Behavior\ParseTemplateBehavior [ RunTime:0.074219s ]
INFO: [ view_parse ] --END-- [ RunTime:0.077148s ]
INFO: [ view_filter ] --START--
INFO: Run Behavior\WriteHtmlCacheBehavior [ RunTime:0.003906s ]
INFO: [ view_filter ] --END-- [ RunTime:0.013671s ]
INFO: [ app_end ] --START--
INFO: Run Behavior\ShowPageTraceBehavior [ RunTime:0.008789s ]
INFO: [ app_end ] --END-- [ RunTime:0.010742s ]

[ 2016-12-31T13:32:25+08:00 ] 192.168.1.107 /1_NEW_project/new_system/home/login/%7B:U('login')%7D
INFO: [ app_init ] --START--
INFO: Run Behavior\BuildLiteBehavior [ RunTime:0.000976s ]
INFO: [ app_init ] --END-- [ RunTime:0.005859s ]
INFO: [ app_begin ] --START--
INFO: Run Behavior\ReadHtmlCacheBehavior [ RunTime:0.001953s ]
INFO: [ app_begin ] --END-- [ RunTime:0.004883s ]
ERR: 非法操作:{:U('login')}

[ 2016-12-31T13:32:48+08:00 ] 192.168.1.107 /1_NEW_project/new_system/home/login/login
INFO: [ app_init ] --START--
INFO: Run Behavior\BuildLiteBehavior [ RunTime:0.000977s ]
INFO: [ app_init ] --END-- [ RunTime:0.004882s ]
INFO: [ app_begin ] --START--
INFO: Run Behavior\ReadHtmlCacheBehavior [ RunTime:0.001953s ]
INFO: [ app_begin ] --END-- [ RunTime:0.004883s ]
INFO: [ view_parse ] --START--
INFO: [ template_filter ] --START--
INFO: Run Behavior\ContentReplaceBehavior [ RunTime:0.001954s ]
INFO: [ template_filter ] --END-- [ RunTime:0.009766s ]
NOTIC: [8] Undefined variable: we_chat D:\XAPM\htdocs\1_NEW_Project\new_system\App\Runtime\Cache\Home\f9efffcb1f8dad4a722859c04e23de24.php 第 56 行.
NOTIC: [8] Undefined variable: openid D:\XAPM\htdocs\1_NEW_Project\new_system\App\Runtime\Cache\Home\f9efffcb1f8dad4a722859c04e23de24.php 第 57 行.
NOTIC: [8] Undefined variable: nick_name D:\XAPM\htdocs\1_NEW_Project\new_system\App\Runtime\Cache\Home\f9efffcb1f8dad4a722859c04e23de24.php 第 58 行.
INFO: Run Behavior\ParseTemplateBehavior [ RunTime:0.069336s ]
INFO: [ view_parse ] --END-- [ RunTime:0.071289s ]
INFO: [ view_filter ] --START--
INFO: Run Behavior\WriteHtmlCacheBehavior [ RunTime:0.000976s ]
INFO: [ view_filter ] --END-- [ RunTime:0.003906s ]
INFO: [ app_end ] --START--
INFO: Run Behavior\ShowPageTraceBehavior [ RunTime:0.001953s ]
INFO: [ app_end ] --END-- [ RunTime:0.004883s ]

[ 2016-12-31T13:32:58+08:00 ] 192.168.1.107 /1_NEW_project/new_system/home/login/login
INFO: [ app_init ] --START--
INFO: Run Behavior\BuildLiteBehavior [ RunTime:0.000000s ]
INFO: [ app_init ] --END-- [ RunTime:0.004882s ]
INFO: [ app_begin ] --START--
INFO: Run Behavior\ReadHtmlCacheBehavior [ RunTime:0.002930s ]
INFO: [ app_begin ] --END-- [ RunTime:0.004883s ]
NOTIC: [2] Illegal string offset 'codes' D:\XAPM\htdocs\1_NEW_Project\new_system\App\Home\Controller\LoginController.class.php 第 26 行.

[ 2016-12-31T13:33:54+08:00 ] 192.168.1.107 /1_NEW_project/new_system/home/login/login
INFO: [ app_init ] --START--
INFO: Run Behavior\BuildLiteBehavior [ RunTime:0.000976s ]
INFO: [ app_init ] --END-- [ RunTime:0.003906s ]
INFO: [ app_begin ] --START--
INFO: Run Behavior\ReadHtmlCacheBehavior [ RunTime:0.002929s ]
INFO: [ app_begin ] --END-- [ RunTime:0.004883s ]
INFO: [ view_parse ] --START--
INFO: [ template_filter ] --START--
INFO: Run Behavior\ContentReplaceBehavior [ RunTime:0.000977s ]
INFO: [ template_filter ] --END-- [ RunTime:0.002930s ]
NOTIC: [8] Undefined variable: we_chat D:\XAPM\htdocs\1_NEW_Project\new_system\App\Runtime\Cache\Home\f9efffcb1f8dad4a722859c04e23de24.php 第 56 行.
NOTIC: [8] Undefined variable: openid D:\XAPM\htdocs\1_NEW_Project\new_system\App\Runtime\Cache\Home\f9efffcb1f8dad4a722859c04e23de24.php 第 57 行.
NOTIC: [8] Undefined variable: nick_name D:\XAPM\htdocs\1_NEW_Project\new_system\App\Runtime\Cache\Home\f9efffcb1f8dad4a722859c04e23de24.php 第 58 行.
INFO: Run Behavior\ParseTemplateBehavior [ RunTime:0.062500s ]
INFO: [ view_parse ] --END-- [ RunTime:0.064453s ]
INFO: [ view_filter ] --START--
INFO: Run Behavior\WriteHtmlCacheBehavior [ RunTime:0.001953s ]
INFO: [ view_filter ] --END-- [ RunTime:0.004883s ]
INFO: [ app_end ] --START--
INFO: Run Behavior\ShowPageTraceBehavior [ RunTime:0.001954s ]
INFO: [ app_end ] --END-- [ RunTime:0.003906s ]

[ 2016-12-31T14:33:23+08:00 ] 192.168.1.107 /1_NEW_project/new_system/home/login/login
INFO: [ app_init ] --START--
INFO: Run Behavior\BuildLiteBehavior [ RunTime:0.000000s ]
INFO: [ app_init ] --END-- [ RunTime:0.002930s ]
INFO: [ app_begin ] --START--
INFO: Run Behavior\ReadHtmlCacheBehavior [ RunTime:0.001953s ]
INFO: [ app_begin ] --END-- [ RunTime:0.002930s ]
NOTIC: [2] Illegal string offset 'codes' D:\XAPM\htdocs\1_NEW_Project\new_system\App\Home\Controller\LoginController.class.php 第 26 行.

[ 2016-12-31T14:33:39+08:00 ] 192.168.1.107 /1_NEW_project/new_system/home/perredcenter
INFO: [ app_init ] --START--
INFO: Run Behavior\BuildLiteBehavior [ RunTime:0.000977s ]
INFO: [ app_init ] --END-- [ RunTime:0.003906s ]
INFO: [ app_begin ] --START--
INFO: Run Behavior\ReadHtmlCacheBehavior [ RunTime:0.001954s ]
INFO: [ app_begin ] --END-- [ RunTime:0.003907s ]
INFO: [ view_parse ] --START--
INFO: [ template_filter ] --START--
INFO: Run Behavior\ContentReplaceBehavior [ RunTime:0.000976s ]
INFO: [ template_filter ] --END-- [ RunTime:0.002930s ]
INFO: Run Behavior\ParseTemplateBehavior [ RunTime:0.063477s ]
INFO: [ view_parse ] --END-- [ RunTime:0.065430s ]
INFO: [ view_filter ] --START--
INFO: Run Behavior\WriteHtmlCacheBehavior [ RunTime:0.001953s ]
INFO: [ view_filter ] --END-- [ RunTime:0.003906s ]
INFO: [ app_end ] --START--
INFO: Run Behavior\ShowPageTraceBehavior [ RunTime:0.002930s ]
INFO: [ app_end ] --END-- [ RunTime:0.004883s ]

[ 2016-12-31T14:33:40+08:00 ] 192.168.1.107 /1_NEW_Project/new_system/Home/Wechat/bind_we_chat
INFO: [ app_init ] --START--
INFO: Run Behavior\BuildLiteBehavior [ RunTime:0.000000s ]
INFO: [ app_init ] --END-- [ RunTime:0.002930s ]
INFO: [ app_begin ] --START--
INFO: Run Behavior\ReadHtmlCacheBehavior [ RunTime:0.001953s ]
INFO: [ app_begin ] --END-- [ RunTime:0.003906s ]

[ 2016-12-31T14:33:44+08:00 ] 192.168.1.107 /1_NEW_project/new_system/?m=home&c=wechat&a=we_chat_bind&openid=onTfUsnORa4E6rwkE2uMGx02oR0I&nick_name=a%EF%BD%9B%E9%A9%AC%E6%A2%93%E8%BE%BE%EF%BC%9A%27
INFO: [ app_init ] --START--
INFO: Run Behavior\BuildLiteBehavior [ RunTime:0.000000s ]
INFO: [ app_init ] --END-- [ RunTime:0.003906s ]
INFO: [ app_begin ] --START--
INFO: Run Behavior\ReadHtmlCacheBehavior [ RunTime:0.001953s ]
INFO: [ app_begin ] --END-- [ RunTime:0.003906s ]
NOTIC: [8] Undefined index: uid D:\XAPM\htdocs\1_NEW_Project\new_system\App\Home\Controller\WechatController.class.php 第 30 行.
NOTIC: [8] Undefined index: mobile D:\XAPM\htdocs\1_NEW_Project\new_system\App\Home\Controller\WechatController.class.php 第 31 行.
NOTIC: [8] Undefined index: uid D:\XAPM\htdocs\1_NEW_Project\new_system\App\Home\Controller\WechatController.class.php 第 32 行.
INFO: [ view_parse ] --START--
INFO: [ template_filter ] --START--
INFO: Run Behavior\ContentReplaceBehavior [ RunTime:0.000977s ]
INFO: [ template_filter ] --END-- [ RunTime:0.002929s ]
INFO: Run Behavior\ParseTemplateBehavior [ RunTime:0.065430s ]
INFO: [ view_parse ] --END-- [ RunTime:0.067382s ]
INFO: [ view_filter ] --START--
INFO: Run Behavior\WriteHtmlCacheBehavior [ RunTime:0.001953s ]
INFO: [ view_filter ] --END-- [ RunTime:0.003907s ]

[ 2016-12-31T14:34:49+08:00 ] 192.168.1.107 /1_NEW_project/new_system/?m=home&c=wechat&a=we_chat_bind&openid=onTfUsnORa4E6rwkE2uMGx02oR0I&nick_name=a%EF%BD%9B%E9%A9%AC%E6%A2%93%E8%BE%BE%EF%BC%9A%27
INFO: [ app_init ] --START--
INFO: Run Behavior\BuildLiteBehavior [ RunTime:0.000000s ]
INFO: [ app_init ] --END-- [ RunTime:0.002930s ]
INFO: [ app_begin ] --START--
INFO: Run Behavior\ReadHtmlCacheBehavior [ RunTime:0.002930s ]
INFO: [ app_begin ] --END-- [ RunTime:0.005859s ]
NOTIC: [8] Undefined index: uid D:\XAPM\htdocs\1_NEW_Project\new_system\App\Home\Controller\WechatController.class.php 第 30 行.
NOTIC: [8] Undefined index: mobile D:\XAPM\htdocs\1_NEW_Project\new_system\App\Home\Controller\WechatController.class.php 第 31 行.
NOTIC: [8] Undefined index: uid D:\XAPM\htdocs\1_NEW_Project\new_system\App\Home\Controller\WechatController.class.php 第 32 行.
INFO: [ view_parse ] --START--
INFO: [ template_filter ] --START--
INFO: Run Behavior\ContentReplaceBehavior [ RunTime:0.000977s ]
INFO: [ template_filter ] --END-- [ RunTime:0.003906s ]
INFO: Run Behavior\ParseTemplateBehavior [ RunTime:0.061523s ]
INFO: [ view_parse ] --END-- [ RunTime:0.063477s ]
INFO: [ view_filter ] --START--
INFO: Run Behavior\WriteHtmlCacheBehavior [ RunTime:0.003906s ]
INFO: [ view_filter ] --END-- [ RunTime:0.007813s ]

[ 2016-12-31T14:34:53+08:00 ] 192.168.1.107 /1_NEW_project/new_system/home/login/login
INFO: [ app_init ] --START--
INFO: Run Behavior\BuildLiteBehavior [ RunTime:0.000977s ]
INFO: [ app_init ] --END-- [ RunTime:0.003906s ]
INFO: [ app_begin ] --START--
INFO: Run Behavior\ReadHtmlCacheBehavior [ RunTime:0.001953s ]
INFO: [ app_begin ] --END-- [ RunTime:0.003906s ]
NOTIC: [2] Illegal string offset 'codes' D:\XAPM\htdocs\1_NEW_Project\new_system\App\Home\Controller\LoginController.class.php 第 26 行.

[ 2016-12-31T14:35:26+08:00 ] 192.168.1.107 /1_NEW_project/new_system/home/login/login
INFO: [ app_init ] --START--
INFO: Run Behavior\BuildLiteBehavior [ RunTime:0.000977s ]
INFO: [ app_init ] --END-- [ RunTime:0.005860s ]
INFO: [ app_begin ] --START--
INFO: Run Behavior\ReadHtmlCacheBehavior [ RunTime:0.001953s ]
INFO: [ app_begin ] --END-- [ RunTime:0.003906s ]
INFO: [ view_parse ] --START--
INFO: [ template_filter ] --START--
INFO: Run Behavior\ContentReplaceBehavior [ RunTime:0.001953s ]
INFO: [ template_filter ] --END-- [ RunTime:0.005859s ]
NOTIC: [8] Undefined variable: we_chat D:\XAPM\htdocs\1_NEW_Project\new_system\App\Runtime\Cache\Home\f9efffcb1f8dad4a722859c04e23de24.php 第 56 行.
NOTIC: [8] Undefined variable: openid D:\XAPM\htdocs\1_NEW_Project\new_system\App\Runtime\Cache\Home\f9efffcb1f8dad4a722859c04e23de24.php 第 57 行.
NOTIC: [8] Undefined variable: nick_name D:\XAPM\htdocs\1_NEW_Project\new_system\App\Runtime\Cache\Home\f9efffcb1f8dad4a722859c04e23de24.php 第 58 行.
INFO: Run Behavior\ParseTemplateBehavior [ RunTime:0.098633s ]
INFO: [ view_parse ] --END-- [ RunTime:0.100586s ]
INFO: [ view_filter ] --START--
INFO: Run Behavior\WriteHtmlCacheBehavior [ RunTime:0.006836s ]
INFO: [ view_filter ] --END-- [ RunTime:0.008789s ]
INFO: [ app_end ] --START--
INFO: Run Behavior\ShowPageTraceBehavior [ RunTime:0.002929s ]
INFO: [ app_end ] --END-- [ RunTime:0.004883s ]

[ 2016-12-31T14:35:29+08:00 ] 192.168.1.107 /1_NEW_project/new_system/home/login/home/login/login
INFO: [ app_init ] --START--
INFO: Run Behavior\BuildLiteBehavior [ RunTime:0.000000s ]
INFO: [ app_init ] --END-- [ RunTime:0.002929s ]
INFO: [ app_begin ] --START--
INFO: Run Behavior\ReadHtmlCacheBehavior [ RunTime:0.001954s ]
INFO: [ app_begin ] --END-- [ RunTime:0.003907s ]
ERR: 非法操作:home

[ 2016-12-31T14:37:02+08:00 ] 192.168.1.107 /1_NEW_project/new_system/home/login/login
INFO: [ app_init ] --START--
INFO: Run Behavior\BuildLiteBehavior [ RunTime:0.000976s ]
INFO: [ app_init ] --END-- [ RunTime:0.003906s ]
INFO: [ app_begin ] --START--
INFO: Run Behavior\ReadHtmlCacheBehavior [ RunTime:0.002929s ]
INFO: [ app_begin ] --END-- [ RunTime:0.005859s ]
INFO: [ view_parse ] --START--
INFO: [ template_filter ] --START--
INFO: Run Behavior\ContentReplaceBehavior [ RunTime:0.000976s ]
INFO: [ template_filter ] --END-- [ RunTime:0.002930s ]
NOTIC: [8] Undefined variable: we_chat D:\XAPM\htdocs\1_NEW_Project\new_system\App\Runtime\Cache\Home\f9efffcb1f8dad4a722859c04e23de24.php 第 56 行.
NOTIC: [8] Undefined variable: openid D:\XAPM\htdocs\1_NEW_Project\new_system\App\Runtime\Cache\Home\f9efffcb1f8dad4a722859c04e23de24.php 第 57 行.
NOTIC: [8] Undefined variable: nick_name D:\XAPM\htdocs\1_NEW_Project\new_system\App\Runtime\Cache\Home\f9efffcb1f8dad4a722859c04e23de24.php 第 58 行.
INFO: Run Behavior\ParseTemplateBehavior [ RunTime:0.064453s ]
INFO: [ view_parse ] --END-- [ RunTime:0.067382s ]
INFO: [ view_filter ] --START--
INFO: Run Behavior\WriteHtmlCacheBehavior [ RunTime:0.002929s ]
INFO: [ view_filter ] --END-- [ RunTime:0.004883s ]
INFO: [ app_end ] --START--
INFO: Run Behavior\ShowPageTraceBehavior [ RunTime:0.007812s ]
INFO: [ app_end ] --END-- [ RunTime:0.009766s ]

[ 2016-12-31T14:54:49+08:00 ] 192.168.1.107 /1_NEW_project/new_system/home/login/login
INFO: [ app_init ] --START--
INFO: Run Behavior\BuildLiteBehavior [ RunTime:0.000000s ]
INFO: [ app_init ] --END-- [ RunTime:0.002929s ]
INFO: [ app_begin ] --START--
INFO: Run Behavior\ReadHtmlCacheBehavior [ RunTime:0.001954s ]
INFO: [ app_begin ] --END-- [ RunTime:0.003906s ]
INFO: [ view_parse ] --START--
INFO: [ template_filter ] --START--
INFO: Run Behavior\ContentReplaceBehavior [ RunTime:0.000977s ]
INFO: [ template_filter ] --END-- [ RunTime:0.003906s ]
NOTIC: [8] Undefined variable: we_chat D:\XAPM\htdocs\1_NEW_Project\new_system\App\Runtime\Cache\Home\f9efffcb1f8dad4a722859c04e23de24.php 第 56 行.
NOTIC: [8] Undefined variable: openid D:\XAPM\htdocs\1_NEW_Project\new_system\App\Runtime\Cache\Home\f9efffcb1f8dad4a722859c04e23de24.php 第 57 行.
NOTIC: [8] Undefined variable: nick_name D:\XAPM\htdocs\1_NEW_Project\new_system\App\Runtime\Cache\Home\f9efffcb1f8dad4a722859c04e23de24.php 第 58 行.
INFO: Run Behavior\ParseTemplateBehavior [ RunTime:0.081055s ]
INFO: [ view_parse ] --END-- [ RunTime:0.083984s ]
INFO: [ view_filter ] --START--
INFO: Run Behavior\WriteHtmlCacheBehavior [ RunTime:0.007812s ]
INFO: [ view_filter ] --END-- [ RunTime:0.009766s ]
INFO: [ app_end ] --START--
INFO: Run Behavior\ShowPageTraceBehavior [ RunTime:0.002930s ]
INFO: [ app_end ] --END-- [ RunTime:0.004883s ]

[ 2016-12-31T14:54:49+08:00 ] 192.168.1.107 /1_NEW_project/new_system/home/login/%7B:U('Login/login')%7D
INFO: [ app_init ] --START--
INFO: Run Behavior\BuildLiteBehavior [ RunTime:0.000000s ]
INFO: [ app_init ] --END-- [ RunTime:0.002930s ]
INFO: [ app_begin ] --START--
INFO: Run Behavior\ReadHtmlCacheBehavior [ RunTime:0.001954s ]
INFO: [ app_begin ] --END-- [ RunTime:0.002930s ]
ERR: 非法操作:{:U('Login

[ 2016-12-31T14:55:23+08:00 ] 192.168.1.107 /1_NEW_project/new_system/home/login/login
INFO: [ app_init ] --START--
INFO: Run Behavior\BuildLiteBehavior [ RunTime:0.000977s ]
INFO: [ app_init ] --END-- [ RunTime:0.004882s ]
INFO: [ app_begin ] --START--
INFO: Run Behavior\ReadHtmlCacheBehavior [ RunTime:0.001953s ]
INFO: [ app_begin ] --END-- [ RunTime:0.003906s ]
INFO: [ view_parse ] --START--
INFO: [ template_filter ] --START--
INFO: Run Behavior\ContentReplaceBehavior [ RunTime:0.000000s ]
INFO: [ template_filter ] --END-- [ RunTime:0.001953s ]
NOTIC: [8] Undefined variable: we_chat D:\XAPM\htdocs\1_NEW_Project\new_system\App\Runtime\Cache\Home\f9efffcb1f8dad4a722859c04e23de24.php 第 56 行.
NOTIC: [8] Undefined variable: openid D:\XAPM\htdocs\1_NEW_Project\new_system\App\Runtime\Cache\Home\f9efffcb1f8dad4a722859c04e23de24.php 第 57 行.
NOTIC: [8] Undefined variable: nick_name D:\XAPM\htdocs\1_NEW_Project\new_system\App\Runtime\Cache\Home\f9efffcb1f8dad4a722859c04e23de24.php 第 58 行.
INFO: Run Behavior\ParseTemplateBehavior [ RunTime:0.065429s ]
INFO: [ view_parse ] --END-- [ RunTime:0.067383s ]
INFO: [ view_filter ] --START--
INFO: Run Behavior\WriteHtmlCacheBehavior [ RunTime:0.002930s ]
INFO: [ view_filter ] --END-- [ RunTime:0.004883s ]
INFO: [ app_end ] --START--
INFO: Run Behavior\ShowPageTraceBehavior [ RunTime:0.003906s ]
INFO: [ app_end ] --END-- [ RunTime:0.006836s ]

[ 2016-12-31T14:55:24+08:00 ] 192.168.1.107 /1_NEW_project/new_system/home/login/login
INFO: [ app_init ] --START--
INFO: Run Behavior\BuildLiteBehavior [ RunTime:0.000977s ]
INFO: [ app_init ] --END-- [ RunTime:0.002930s ]
INFO: [ app_begin ] --START--
INFO: Run Behavior\ReadHtmlCacheBehavior [ RunTime:0.005860s ]
INFO: [ app_begin ] --END-- [ RunTime:0.007812s ]
NOTIC: [2] Illegal string offset 'codes' D:\XAPM\htdocs\1_NEW_Project\new_system\App\Home\Controller\LoginController.class.php 第 26 行.

[ 2016-12-31T14:55:47+08:00 ] 192.168.1.107 /1_NEW_project/new_system/home/login/login
INFO: [ app_init ] --START--
INFO: Run Behavior\BuildLiteBehavior [ RunTime:0.000976s ]
INFO: [ app_init ] --END-- [ RunTime:0.002930s ]
INFO: [ app_begin ] --START--
INFO: Run Behavior\ReadHtmlCacheBehavior [ RunTime:0.001953s ]
INFO: [ app_begin ] --END-- [ RunTime:0.003906s ]
INFO: [ view_parse ] --START--
INFO: [ template_filter ] --START--
INFO: Run Behavior\ContentReplaceBehavior [ RunTime:0.000976s ]
INFO: [ template_filter ] --END-- [ RunTime:0.003907s ]
NOTIC: [8] Undefined variable: we_chat D:\XAPM\htdocs\1_NEW_Project\new_system\App\Runtime\Cache\Home\f9efffcb1f8dad4a722859c04e23de24.php 第 56 行.
NOTIC: [8] Undefined variable: openid D:\XAPM\htdocs\1_NEW_Project\new_system\App\Runtime\Cache\Home\f9efffcb1f8dad4a722859c04e23de24.php 第 57 行.
NOTIC: [8] Undefined variable: nick_name D:\XAPM\htdocs\1_NEW_Project\new_system\App\Runtime\Cache\Home\f9efffcb1f8dad4a722859c04e23de24.php 第 58 行.
INFO: Run Behavior\ParseTemplateBehavior [ RunTime:0.061524s ]
INFO: [ view_parse ] --END-- [ RunTime:0.063476s ]
INFO: [ view_filter ] --START--
INFO: Run Behavior\WriteHtmlCacheBehavior [ RunTime:0.001953s ]
INFO: [ view_filter ] --END-- [ RunTime:0.003906s ]
INFO: [ app_end ] --START--
INFO: Run Behavior\ShowPageTraceBehavior [ RunTime:0.001953s ]
INFO: [ app_end ] --END-- [ RunTime:0.004883s ]

[ 2016-12-31T14:55:53+08:00 ] 192.168.1.107 /1_NEW_project/new_system/home/login/login
INFO: [ app_init ] --START--
INFO: Run Behavior\BuildLiteBehavior [ RunTime:0.000977s ]
INFO: [ app_init ] --END-- [ RunTime:0.008789s ]
INFO: [ app_begin ] --START--
INFO: Run Behavior\ReadHtmlCacheBehavior [ RunTime:0.002930s ]
INFO: [ app_begin ] --END-- [ RunTime:0.004883s ]
NOTIC: [2] Illegal string offset 'codes' D:\XAPM\htdocs\1_NEW_Project\new_system\App\Home\Controller\LoginController.class.php 第 26 行.

[ 2016-12-31T14:56:13+08:00 ] 192.168.1.107 /1_NEW_project/new_system/home/perredcenter
INFO: [ app_init ] --START--
INFO: Run Behavior\BuildLiteBehavior [ RunTime:0.000000s ]
INFO: [ app_init ] --END-- [ RunTime:0.002930s ]
INFO: [ app_begin ] --START--
INFO: Run Behavior\ReadHtmlCacheBehavior [ RunTime:0.001953s ]
INFO: [ app_begin ] --END-- [ RunTime:0.004882s ]
INFO: [ view_parse ] --START--
INFO: [ template_filter ] --START--
INFO: Run Behavior\ContentReplaceBehavior [ RunTime:0.000976s ]
INFO: [ template_filter ] --END-- [ RunTime:0.002930s ]
INFO: Run Behavior\ParseTemplateBehavior [ RunTime:0.059570s ]
INFO: [ view_parse ] --END-- [ RunTime:0.064453s ]
INFO: [ view_filter ] --START--
INFO: Run Behavior\WriteHtmlCacheBehavior [ RunTime:0.003906s ]
INFO: [ view_filter ] --END-- [ RunTime:0.005859s ]
INFO: [ app_end ] --START--
INFO: Run Behavior\ShowPageTraceBehavior [ RunTime:0.002929s ]
INFO: [ app_end ] --END-- [ RunTime:0.004883s ]

[ 2016-12-31T14:56:14+08:00 ] 192.168.1.107 /1_NEW_Project/new_system/Home/Wechat/bind_we_chat
INFO: [ app_init ] --START--
INFO: Run Behavior\BuildLiteBehavior [ RunTime:0.000000s ]
INFO: [ app_init ] --END-- [ RunTime:0.002929s ]
INFO: [ app_begin ] --START--
INFO: Run Behavior\ReadHtmlCacheBehavior [ RunTime:0.002929s ]
INFO: [ app_begin ] --END-- [ RunTime:0.004883s ]

[ 2016-12-31T14:56:19+08:00 ] 192.168.1.107 /1_NEW_project/new_system/?m=home&c=wechat&a=we_chat_bind&openid=onTfUsnORa4E6rwkE2uMGx02oR0I&nick_name=a%EF%BD%9B%E9%A9%AC%E6%A2%93%E8%BE%BE%EF%BC%9A%27
INFO: [ app_init ] --START--
INFO: Run Behavior\BuildLiteBehavior [ RunTime:0.000000s ]
INFO: [ app_init ] --END-- [ RunTime:0.002930s ]
INFO: [ app_begin ] --START--
INFO: Run Behavior\ReadHtmlCacheBehavior [ RunTime:0.001953s ]
INFO: [ app_begin ] --END-- [ RunTime:0.003906s ]
NOTIC: [8] Undefined index: uid D:\XAPM\htdocs\1_NEW_Project\new_system\App\Home\Controller\WechatController.class.php 第 30 行.
NOTIC: [8] Undefined index: mobile D:\XAPM\htdocs\1_NEW_Project\new_system\App\Home\Controller\WechatController.class.php 第 31 行.
NOTIC: [8] Undefined index: uid D:\XAPM\htdocs\1_NEW_Project\new_system\App\Home\Controller\WechatController.class.php 第 32 行.
INFO: [ view_parse ] --START--
INFO: [ template_filter ] --START--
INFO: Run Behavior\ContentReplaceBehavior [ RunTime:0.000977s ]
INFO: [ template_filter ] --END-- [ RunTime:0.002929s ]
INFO: Run Behavior\ParseTemplateBehavior [ RunTime:0.062500s ]
INFO: [ view_parse ] --END-- [ RunTime:0.065429s ]
INFO: [ view_filter ] --START--
INFO: Run Behavior\WriteHtmlCacheBehavior [ RunTime:0.001954s ]
INFO: [ view_filter ] --END-- [ RunTime:0.003906s ]

[ 2016-12-31T15:01:01+08:00 ] 192.168.1.107 /1_NEW_Project/new_system/Home/Wechat/bind_we_chat
INFO: [ app_init ] --START--
INFO: Run Behavior\BuildLiteBehavior [ RunTime:0.000977s ]
INFO: [ app_init ] --END-- [ RunTime:0.004883s ]
INFO: [ app_begin ] --START--
INFO: Run Behavior\ReadHtmlCacheBehavior [ RunTime:0.001954s ]
INFO: [ app_begin ] --END-- [ RunTime:0.004883s ]

[ 2016-12-31T15:01:06+08:00 ] 192.168.1.107 /1_NEW_project/new_system/home/wechat/we_chat_bind?openid=onTfUsnORa4E6rwkE2uMGx02oR0I&nick_name=a%EF%BD%9B%E9%A9%AC%E6%A2%93%E8%BE%BE%EF%BC%9A%27
INFO: [ app_init ] --START--
INFO: Run Behavior\BuildLiteBehavior [ RunTime:0.000977s ]
INFO: [ app_init ] --END-- [ RunTime:0.006836s ]
INFO: [ app_begin ] --START--
INFO: Run Behavior\ReadHtmlCacheBehavior [ RunTime:0.001953s ]
INFO: [ app_begin ] --END-- [ RunTime:0.003907s ]
NOTIC: [8] Undefined index: uid D:\XAPM\htdocs\1_NEW_Project\new_system\App\Home\Controller\WechatController.class.php 第 30 行.
NOTIC: [8] Undefined index: mobile D:\XAPM\htdocs\1_NEW_Project\new_system\App\Home\Controller\WechatController.class.php 第 31 行.
NOTIC: [8] Undefined index: uid D:\XAPM\htdocs\1_NEW_Project\new_system\App\Home\Controller\WechatController.class.php 第 32 行.
INFO: [ view_parse ] --START--
INFO: [ template_filter ] --START--
INFO: Run Behavior\ContentReplaceBehavior [ RunTime:0.000977s ]
INFO: [ template_filter ] --END-- [ RunTime:0.002929s ]
INFO: Run Behavior\ParseTemplateBehavior [ RunTime:0.059570s ]
INFO: [ view_parse ] --END-- [ RunTime:0.061524s ]
INFO: [ view_filter ] --START--
INFO: Run Behavior\WriteHtmlCacheBehavior [ RunTime:0.002930s ]
INFO: [ view_filter ] --END-- [ RunTime:0.006836s ]

[ 2016-12-31T15:01:13+08:00 ] 192.168.1.107 /1_NEW_project/new_system/home/wechat/login
INFO: [ app_init ] --START--
INFO: Run Behavior\BuildLiteBehavior [ RunTime:0.000976s ]
INFO: [ app_init ] --END-- [ RunTime:0.003906s ]
INFO: [ app_begin ] --START--
INFO: Run Behavior\ReadHtmlCacheBehavior [ RunTime:0.002929s ]
INFO: [ app_begin ] --END-- [ RunTime:0.005859s ]
ERR: 非法操作:login

