[ 2016-12-30T12:21:49+08:00 ] 127.0.0.1 /favicon.ico
INFO: [ app_init ] --START--
INFO: Run Behavior\BuildLiteBehavior [ RunTime:0.000977s ]
INFO: [ app_init ] --END-- [ RunTime:0.005859s ]
ERR: 无法加载模块:Favicon

[ 2016-12-30T14:24:00+08:00 ] 127.0.0.1 /favicon.ico
INFO: [ app_init ] --START--
INFO: Run Behavior\BuildLiteBehavior [ RunTime:0.000000s ]
INFO: [ app_init ] --END-- [ RunTime:0.003906s ]
ERR: 无法加载模块:Favicon

[ 2016-12-30T14:42:07+08:00 ] 192.168.1.102 /1_NEW_Project/new_system/Public/Hongbao/layout/blue/js/jquery.lazyload.min.js
INFO: [ app_init ] --START--
INFO: Run Behavior\BuildLiteBehavior [ RunTime:0.000000s ]
INFO: [ app_init ] --END-- [ RunTime:0.000000s ]
ERR: 无法加载模块:Public

[ 2016-12-30T15:23:31+08:00 ] 192.168.1.100 /1_NEW_Project/new_system/Public/Hongbao/layout/blue/js/jquery.lazyload.min.js
INFO: [ app_init ] --START--
INFO: Run Behavior\BuildLiteBehavior [ RunTime:0.000000s ]
INFO: [ app_init ] --END-- [ RunTime:0.000000s ]
ERR: 无法加载模块:Public

[ 2016-12-30T19:45:53+08:00 ] 192.168.1.102 /1_NEW_project/new_system/login
INFO: [ app_init ] --START--
INFO: Run Behavior\BuildLiteBehavior [ RunTime:0.000000s ]
INFO: [ app_init ] --END-- [ RunTime:0.003906s ]
ERR: 无法加载模块:Login

[ 2016-12-30T19:45:55+08:00 ] 192.168.1.102 /1_NEW_project/new_system/login
INFO: [ app_init ] --START--
INFO: Run Behavior\BuildLiteBehavior [ RunTime:0.000000s ]
INFO: [ app_init ] --END-- [ RunTime:0.003906s ]
ERR: 无法加载模块:Login

[ 2016-12-30T19:45:59+08:00 ] 192.168.1.102 /1_NEW_project/new_system/login
INFO: [ app_init ] --START--
INFO: Run Behavior\BuildLiteBehavior [ RunTime:0.000000s ]
INFO: [ app_init ] --END-- [ RunTime:0.003907s ]
ERR: 无法加载模块:Login

[ 2016-12-30T19:46:01+08:00 ] 192.168.1.102 /1_NEW_project/new_system/login
INFO: [ app_init ] --START--
INFO: Run Behavior\BuildLiteBehavior [ RunTime:0.000000s ]
INFO: [ app_init ] --END-- [ RunTime:0.002930s ]
ERR: 无法加载模块:Login

[ 2016-12-30T19:46:01+08:00 ] 192.168.1.102 /1_NEW_project/new_system/login
INFO: [ app_init ] --START--
INFO: Run Behavior\BuildLiteBehavior [ RunTime:0.000977s ]
INFO: [ app_init ] --END-- [ RunTime:0.002929s ]
ERR: 无法加载模块:Login

[ 2016-12-30T19:46:02+08:00 ] 192.168.1.102 /1_NEW_project/new_system/login
INFO: [ app_init ] --START--
INFO: Run Behavior\BuildLiteBehavior [ RunTime:0.000000s ]
INFO: [ app_init ] --END-- [ RunTime:0.002929s ]
ERR: 无法加载模块:Login

[ 2016-12-30T19:46:02+08:00 ] 192.168.1.102 /1_NEW_project/new_system/login
INFO: [ app_init ] --START--
INFO: Run Behavior\BuildLiteBehavior [ RunTime:0.000976s ]
INFO: [ app_init ] --END-- [ RunTime:0.003907s ]
ERR: 无法加载模块:Login

[ 2016-12-30T19:46:02+08:00 ] 192.168.1.102 /1_NEW_project/new_system/login
INFO: [ app_init ] --START--
INFO: Run Behavior\BuildLiteBehavior [ RunTime:0.000976s ]
INFO: [ app_init ] --END-- [ RunTime:0.003907s ]
ERR: 无法加载模块:Login

[ 2016-12-30T19:46:02+08:00 ] 192.168.1.102 /1_NEW_project/new_system/login
INFO: [ app_init ] --START--
INFO: Run Behavior\BuildLiteBehavior [ RunTime:0.000000s ]
INFO: [ app_init ] --END-- [ RunTime:0.002930s ]
ERR: 无法加载模块:Login

[ 2016-12-30T19:46:03+08:00 ] 192.168.1.102 /1_NEW_project/new_system/login
INFO: [ app_init ] --START--
INFO: Run Behavior\BuildLiteBehavior [ RunTime:0.000000s ]
INFO: [ app_init ] --END-- [ RunTime:0.003906s ]
ERR: 无法加载模块:Login

[ 2016-12-30T19:46:03+08:00 ] 192.168.1.102 /1_NEW_project/new_system/login
INFO: [ app_init ] --START--
INFO: Run Behavior\BuildLiteBehavior [ RunTime:0.000000s ]
INFO: [ app_init ] --END-- [ RunTime:0.002930s ]
ERR: 无法加载模块:Login

[ 2016-12-30T19:46:04+08:00 ] 192.168.1.102 /1_NEW_project/new_system/login
INFO: [ app_init ] --START--
INFO: Run Behavior\BuildLiteBehavior [ RunTime:0.000000s ]
INFO: [ app_init ] --END-- [ RunTime:0.002929s ]
ERR: 无法加载模块:Login

[ 2016-12-30T19:46:04+08:00 ] 192.168.1.102 /1_NEW_project/new_system/login
INFO: [ app_init ] --START--
INFO: Run Behavior\BuildLiteBehavior [ RunTime:0.000000s ]
INFO: [ app_init ] --END-- [ RunTime:0.002929s ]
ERR: 无法加载模块:Login

[ 2016-12-30T19:46:05+08:00 ] 192.168.1.102 /1_NEW_project/new_system/login
INFO: [ app_init ] --START--
INFO: Run Behavior\BuildLiteBehavior [ RunTime:0.000976s ]
INFO: [ app_init ] --END-- [ RunTime:0.003907s ]
ERR: 无法加载模块:Login

[ 2016-12-30T19:46:05+08:00 ] 192.168.1.102 /1_NEW_project/new_system/login
INFO: [ app_init ] --START--
INFO: Run Behavior\BuildLiteBehavior [ RunTime:0.000977s ]
INFO: [ app_init ] --END-- [ RunTime:0.003906s ]
ERR: 无法加载模块:Login

[ 2016-12-30T19:46:05+08:00 ] 192.168.1.102 /1_NEW_project/new_system/login
INFO: [ app_init ] --START--
INFO: Run Behavior\BuildLiteBehavior [ RunTime:0.000000s ]
INFO: [ app_init ] --END-- [ RunTime:0.002930s ]
ERR: 无法加载模块:Login

[ 2016-12-30T19:46:05+08:00 ] 192.168.1.102 /1_NEW_project/new_system/login
INFO: [ app_init ] --START--
INFO: Run Behavior\BuildLiteBehavior [ RunTime:0.000000s ]
INFO: [ app_init ] --END-- [ RunTime:0.002930s ]
ERR: 无法加载模块:Login

[ 2016-12-30T19:46:05+08:00 ] 192.168.1.102 /1_NEW_project/new_system/login
INFO: [ app_init ] --START--
INFO: Run Behavior\BuildLiteBehavior [ RunTime:0.000000s ]
INFO: [ app_init ] --END-- [ RunTime:0.002930s ]
ERR: 无法加载模块:Login

[ 2016-12-30T19:46:06+08:00 ] 192.168.1.102 /1_NEW_project/new_system/login
INFO: [ app_init ] --START--
INFO: Run Behavior\BuildLiteBehavior [ RunTime:0.000977s ]
INFO: [ app_init ] --END-- [ RunTime:0.002930s ]
ERR: 无法加载模块:Login

[ 2016-12-30T20:04:15+08:00 ] 192.168.1.102 /1_NEW_project/new_system/login
INFO: [ app_init ] --START--
INFO: Run Behavior\BuildLiteBehavior [ RunTime:0.000977s ]
INFO: [ app_init ] --END-- [ RunTime:0.003906s ]
ERR: 无法加载模块:Login

[ 2016-12-30T20:04:19+08:00 ] 192.168.1.102 /1_NEW_project/new_system/login
INFO: [ app_init ] --START--
INFO: Run Behavior\BuildLiteBehavior [ RunTime:0.000000s ]
INFO: [ app_init ] --END-- [ RunTime:0.002930s ]
ERR: 无法加载模块:Login

[ 2016-12-30T20:04:24+08:00 ] 192.168.1.102 /1_NEW_project/new_system/login
INFO: [ app_init ] --START--
INFO: Run Behavior\BuildLiteBehavior [ RunTime:0.000000s ]
INFO: [ app_init ] --END-- [ RunTime:0.003906s ]
ERR: 无法加载模块:Login

[ 2016-12-30T20:04:25+08:00 ] 192.168.1.102 /1_NEW_project/new_system/login
INFO: [ app_init ] --START--
INFO: Run Behavior\BuildLiteBehavior [ RunTime:0.000977s ]
INFO: [ app_init ] --END-- [ RunTime:0.003906s ]
ERR: 无法加载模块:Login

[ 2016-12-30T20:04:25+08:00 ] 192.168.1.102 /1_NEW_project/new_system/login
INFO: [ app_init ] --START--
INFO: Run Behavior\BuildLiteBehavior [ RunTime:0.000000s ]
INFO: [ app_init ] --END-- [ RunTime:0.002930s ]
ERR: 无法加载模块:Login

[ 2016-12-30T20:04:25+08:00 ] 192.168.1.102 /1_NEW_project/new_system/login
INFO: [ app_init ] --START--
INFO: Run Behavior\BuildLiteBehavior [ RunTime:0.000000s ]
INFO: [ app_init ] --END-- [ RunTime:0.003906s ]
ERR: 无法加载模块:Login

[ 2016-12-30T20:04:25+08:00 ] 192.168.1.102 /1_NEW_project/new_system/login
INFO: [ app_init ] --START--
INFO: Run Behavior\BuildLiteBehavior [ RunTime:0.000000s ]
INFO: [ app_init ] --END-- [ RunTime:0.002930s ]
ERR: 无法加载模块:Login

[ 2016-12-30T20:04:25+08:00 ] 192.168.1.102 /1_NEW_project/new_system/login
INFO: [ app_init ] --START--
INFO: Run Behavior\BuildLiteBehavior [ RunTime:0.000977s ]
INFO: [ app_init ] --END-- [ RunTime:0.004882s ]
ERR: 无法加载模块:Login

[ 2016-12-30T20:04:25+08:00 ] 192.168.1.102 /1_NEW_project/new_system/login
INFO: [ app_init ] --START--
INFO: Run Behavior\BuildLiteBehavior [ RunTime:0.000977s ]
INFO: [ app_init ] --END-- [ RunTime:0.004883s ]
ERR: 无法加载模块:Login

[ 2016-12-30T20:04:26+08:00 ] 192.168.1.102 /1_NEW_project/new_system/login
INFO: [ app_init ] --START--
INFO: Run Behavior\BuildLiteBehavior [ RunTime:0.000000s ]
INFO: [ app_init ] --END-- [ RunTime:0.002929s ]
ERR: 无法加载模块:Login

[ 2016-12-30T20:04:26+08:00 ] 192.168.1.102 /1_NEW_project/new_system/login
INFO: [ app_init ] --START--
INFO: Run Behavior\BuildLiteBehavior [ RunTime:0.000000s ]
INFO: [ app_init ] --END-- [ RunTime:0.002930s ]
ERR: 无法加载模块:Login

[ 2016-12-30T20:04:48+08:00 ] 192.168.1.102 /1_NEW_project/new_system/login
INFO: [ app_init ] --START--
INFO: Run Behavior\BuildLiteBehavior [ RunTime:0.000977s ]
INFO: [ app_init ] --END-- [ RunTime:0.004883s ]
ERR: 无法加载模块:Login

[ 2016-12-30T20:09:07+08:00 ] 192.168.1.102 /1_NEW_project/new_system/login
INFO: [ app_init ] --START--
INFO: Run Behavior\BuildLiteBehavior [ RunTime:0.000976s ]
INFO: [ app_init ] --END-- [ RunTime:0.003907s ]
ERR: 无法加载模块:Login

[ 2016-12-30T20:09:11+08:00 ] 192.168.1.102 /1_NEW_project/new_system/login
INFO: [ app_init ] --START--
INFO: Run Behavior\BuildLiteBehavior [ RunTime:0.000977s ]
INFO: [ app_init ] --END-- [ RunTime:0.003906s ]
ERR: 无法加载模块:Login

[ 2016-12-30T20:09:11+08:00 ] 192.168.1.102 /1_NEW_project/new_system/login
INFO: [ app_init ] --START--
INFO: Run Behavior\BuildLiteBehavior [ RunTime:0.000000s ]
INFO: [ app_init ] --END-- [ RunTime:0.002930s ]
ERR: 无法加载模块:Login

[ 2016-12-30T20:09:12+08:00 ] 192.168.1.102 /1_NEW_project/new_system/login
INFO: [ app_init ] --START--
INFO: Run Behavior\BuildLiteBehavior [ RunTime:0.000000s ]
INFO: [ app_init ] --END-- [ RunTime:0.004883s ]
ERR: 无法加载模块:Login

[ 2016-12-30T20:09:12+08:00 ] 192.168.1.102 /1_NEW_project/new_system/login
INFO: [ app_init ] --START--
INFO: Run Behavior\BuildLiteBehavior [ RunTime:0.000976s ]
INFO: [ app_init ] --END-- [ RunTime:0.003906s ]
ERR: 无法加载模块:Login

[ 2016-12-30T20:09:12+08:00 ] 192.168.1.102 /1_NEW_project/new_system/login
INFO: [ app_init ] --START--
INFO: Run Behavior\BuildLiteBehavior [ RunTime:0.000976s ]
INFO: [ app_init ] --END-- [ RunTime:0.005859s ]
ERR: 无法加载模块:Login

[ 2016-12-30T20:09:12+08:00 ] 192.168.1.102 /1_NEW_project/new_system/login
INFO: [ app_init ] --START--
INFO: Run Behavior\BuildLiteBehavior [ RunTime:0.000000s ]
INFO: [ app_init ] --END-- [ RunTime:0.002929s ]
ERR: 无法加载模块:Login

[ 2016-12-30T20:09:13+08:00 ] 192.168.1.102 /1_NEW_project/new_system/login
INFO: [ app_init ] --START--
INFO: Run Behavior\BuildLiteBehavior [ RunTime:0.000000s ]
INFO: [ app_init ] --END-- [ RunTime:0.003906s ]
ERR: 无法加载模块:Login

[ 2016-12-30T20:09:13+08:00 ] 192.168.1.102 /1_NEW_project/new_system/login
INFO: [ app_init ] --START--
INFO: Run Behavior\BuildLiteBehavior [ RunTime:0.000977s ]
INFO: [ app_init ] --END-- [ RunTime:0.003906s ]
ERR: 无法加载模块:Login

[ 2016-12-30T20:09:13+08:00 ] 192.168.1.102 /1_NEW_project/new_system/login
INFO: [ app_init ] --START--
INFO: Run Behavior\BuildLiteBehavior [ RunTime:0.000000s ]
INFO: [ app_init ] --END-- [ RunTime:0.003906s ]
ERR: 无法加载模块:Login

[ 2016-12-30T20:09:14+08:00 ] 192.168.1.102 /1_NEW_project/new_system/login
INFO: [ app_init ] --START--
INFO: Run Behavior\BuildLiteBehavior [ RunTime:0.000976s ]
INFO: [ app_init ] --END-- [ RunTime:0.002930s ]
ERR: 无法加载模块:Login

[ 2016-12-30T20:09:14+08:00 ] 192.168.1.102 /1_NEW_project/new_system/login
INFO: [ app_init ] --START--
INFO: Run Behavior\BuildLiteBehavior [ RunTime:0.000977s ]
INFO: [ app_init ] --END-- [ RunTime:0.004883s ]
ERR: 无法加载模块:Login

[ 2016-12-30T20:09:15+08:00 ] 192.168.1.102 /1_NEW_project/new_system/login
INFO: [ app_init ] --START--
INFO: Run Behavior\BuildLiteBehavior [ RunTime:0.000000s ]
INFO: [ app_init ] --END-- [ RunTime:0.002930s ]
ERR: 无法加载模块:Login

[ 2016-12-30T20:09:15+08:00 ] 192.168.1.102 /1_NEW_project/new_system/login
INFO: [ app_init ] --START--
INFO: Run Behavior\BuildLiteBehavior [ RunTime:0.000977s ]
INFO: [ app_init ] --END-- [ RunTime:0.002930s ]
ERR: 无法加载模块:Login

[ 2016-12-30T20:09:15+08:00 ] 192.168.1.102 /1_NEW_project/new_system/login
INFO: [ app_init ] --START--
INFO: Run Behavior\BuildLiteBehavior [ RunTime:0.000977s ]
INFO: [ app_init ] --END-- [ RunTime:0.002929s ]
ERR: 无法加载模块:Login

[ 2016-12-30T20:09:15+08:00 ] 192.168.1.102 /1_NEW_project/new_system/login
INFO: [ app_init ] --START--
INFO: Run Behavior\BuildLiteBehavior [ RunTime:0.000000s ]
INFO: [ app_init ] --END-- [ RunTime:0.002930s ]
ERR: 无法加载模块:Login

[ 2016-12-30T20:09:15+08:00 ] 192.168.1.102 /1_NEW_project/new_system/login
INFO: [ app_init ] --START--
INFO: Run Behavior\BuildLiteBehavior [ RunTime:0.000976s ]
INFO: [ app_init ] --END-- [ RunTime:0.004882s ]
ERR: 无法加载模块:Login

[ 2016-12-30T20:09:15+08:00 ] 192.168.1.102 /1_NEW_project/new_system/login
INFO: [ app_init ] --START--
INFO: Run Behavior\BuildLiteBehavior [ RunTime:0.000000s ]
INFO: [ app_init ] --END-- [ RunTime:0.004883s ]
ERR: 无法加载模块:Login

[ 2016-12-30T20:09:16+08:00 ] 192.168.1.102 /1_NEW_project/new_system/login
INFO: [ app_init ] --START--
INFO: Run Behavior\BuildLiteBehavior [ RunTime:0.000000s ]
INFO: [ app_init ] --END-- [ RunTime:0.003906s ]
ERR: 无法加载模块:Login

[ 2016-12-30T20:09:16+08:00 ] 192.168.1.102 /1_NEW_project/new_system/login
INFO: [ app_init ] --START--
INFO: Run Behavior\BuildLiteBehavior [ RunTime:0.000000s ]
INFO: [ app_init ] --END-- [ RunTime:0.003906s ]
ERR: 无法加载模块:Login

[ 2016-12-30T20:09:16+08:00 ] 192.168.1.102 /1_NEW_project/new_system/login
INFO: [ app_init ] --START--
INFO: Run Behavior\BuildLiteBehavior [ RunTime:0.000976s ]
INFO: [ app_init ] --END-- [ RunTime:0.003906s ]
ERR: 无法加载模块:Login

[ 2016-12-30T20:10:21+08:00 ] 192.168.1.102 /1_NEW_project/new_system/login
INFO: [ app_init ] --START--
INFO: Run Behavior\BuildLiteBehavior [ RunTime:0.000000s ]
INFO: [ app_init ] --END-- [ RunTime:0.002930s ]
ERR: 无法加载模块:Login

[ 2016-12-30T20:10:23+08:00 ] 192.168.1.102 /1_NEW_project/new_system/login
INFO: [ app_init ] --START--
INFO: Run Behavior\BuildLiteBehavior [ RunTime:0.000000s ]
INFO: [ app_init ] --END-- [ RunTime:0.003906s ]
ERR: 无法加载模块:Login

[ 2016-12-30T20:10:23+08:00 ] 192.168.1.102 /1_NEW_project/new_system/login
INFO: [ app_init ] --START--
INFO: Run Behavior\BuildLiteBehavior [ RunTime:0.000976s ]
INFO: [ app_init ] --END-- [ RunTime:0.004883s ]
ERR: 无法加载模块:Login

[ 2016-12-30T20:10:23+08:00 ] 192.168.1.102 /1_NEW_project/new_system/login
INFO: [ app_init ] --START--
INFO: Run Behavior\BuildLiteBehavior [ RunTime:0.000976s ]
INFO: [ app_init ] --END-- [ RunTime:0.002930s ]
ERR: 无法加载模块:Login

[ 2016-12-30T20:10:24+08:00 ] 192.168.1.102 /1_NEW_project/new_system/login
INFO: [ app_init ] --START--
INFO: Run Behavior\BuildLiteBehavior [ RunTime:0.000000s ]
INFO: [ app_init ] --END-- [ RunTime:0.002930s ]
ERR: 无法加载模块:Login

[ 2016-12-30T20:10:24+08:00 ] 192.168.1.102 /1_NEW_project/new_system/login
INFO: [ app_init ] --START--
INFO: Run Behavior\BuildLiteBehavior [ RunTime:0.000000s ]
INFO: [ app_init ] --END-- [ RunTime:0.002930s ]
ERR: 无法加载模块:Login

[ 2016-12-30T20:10:24+08:00 ] 192.168.1.102 /1_NEW_project/new_system/login
INFO: [ app_init ] --START--
INFO: Run Behavior\BuildLiteBehavior [ RunTime:0.000000s ]
INFO: [ app_init ] --END-- [ RunTime:0.002930s ]
ERR: 无法加载模块:Login

[ 2016-12-30T20:10:24+08:00 ] 192.168.1.102 /1_NEW_project/new_system/login
INFO: [ app_init ] --START--
INFO: Run Behavior\BuildLiteBehavior [ RunTime:0.000000s ]
INFO: [ app_init ] --END-- [ RunTime:0.002930s ]
ERR: 无法加载模块:Login

[ 2016-12-30T20:10:24+08:00 ] 192.168.1.102 /1_NEW_project/new_system/login
INFO: [ app_init ] --START--
INFO: Run Behavior\BuildLiteBehavior [ RunTime:0.000000s ]
INFO: [ app_init ] --END-- [ RunTime:0.002930s ]
ERR: 无法加载模块:Login

[ 2016-12-30T20:10:24+08:00 ] 192.168.1.102 /1_NEW_project/new_system/login
INFO: [ app_init ] --START--
INFO: Run Behavior\BuildLiteBehavior [ RunTime:0.000000s ]
INFO: [ app_init ] --END-- [ RunTime:0.004883s ]
ERR: 无法加载模块:Login

[ 2016-12-30T20:10:24+08:00 ] 192.168.1.102 /1_NEW_project/new_system/login
INFO: [ app_init ] --START--
INFO: Run Behavior\BuildLiteBehavior [ RunTime:0.000977s ]
INFO: [ app_init ] --END-- [ RunTime:0.004883s ]
ERR: 无法加载模块:Login

[ 2016-12-30T20:10:24+08:00 ] 192.168.1.102 /1_NEW_project/new_system/login
INFO: [ app_init ] --START--
INFO: Run Behavior\BuildLiteBehavior [ RunTime:0.000000s ]
INFO: [ app_init ] --END-- [ RunTime:0.005859s ]
ERR: 无法加载模块:Login

[ 2016-12-30T20:10:25+08:00 ] 192.168.1.102 /1_NEW_project/new_system/login
INFO: [ app_init ] --START--
INFO: Run Behavior\BuildLiteBehavior [ RunTime:0.000000s ]
INFO: [ app_init ] --END-- [ RunTime:0.003906s ]
ERR: 无法加载模块:Login

[ 2016-12-30T20:10:25+08:00 ] 192.168.1.102 /1_NEW_project/new_system/login
INFO: [ app_init ] --START--
INFO: Run Behavior\BuildLiteBehavior [ RunTime:0.000000s ]
INFO: [ app_init ] --END-- [ RunTime:0.002930s ]
ERR: 无法加载模块:Login

[ 2016-12-30T20:10:25+08:00 ] 192.168.1.102 /1_NEW_project/new_system/login
INFO: [ app_init ] --START--
INFO: Run Behavior\BuildLiteBehavior [ RunTime:0.000000s ]
INFO: [ app_init ] --END-- [ RunTime:0.004882s ]
ERR: 无法加载模块:Login

[ 2016-12-30T20:10:25+08:00 ] 192.168.1.102 /1_NEW_project/new_system/login
INFO: [ app_init ] --START--
INFO: Run Behavior\BuildLiteBehavior [ RunTime:0.000977s ]
INFO: [ app_init ] --END-- [ RunTime:0.004883s ]
ERR: 无法加载模块:Login

[ 2016-12-30T20:10:25+08:00 ] 192.168.1.102 /1_NEW_project/new_system/login
INFO: [ app_init ] --START--
INFO: Run Behavior\BuildLiteBehavior [ RunTime:0.000976s ]
INFO: [ app_init ] --END-- [ RunTime:0.004882s ]
ERR: 无法加载模块:Login

[ 2016-12-30T20:10:25+08:00 ] 192.168.1.102 /1_NEW_project/new_system/login
INFO: [ app_init ] --START--
INFO: Run Behavior\BuildLiteBehavior [ RunTime:0.000000s ]
INFO: [ app_init ] --END-- [ RunTime:0.002929s ]
ERR: 无法加载模块:Login

[ 2016-12-30T20:10:25+08:00 ] 192.168.1.102 /1_NEW_project/new_system/login
INFO: [ app_init ] --START--
INFO: Run Behavior\BuildLiteBehavior [ RunTime:0.000977s ]
INFO: [ app_init ] --END-- [ RunTime:0.003907s ]
ERR: 无法加载模块:Login

[ 2016-12-30T20:10:26+08:00 ] 192.168.1.102 /1_NEW_project/new_system/login
INFO: [ app_init ] --START--
INFO: Run Behavior\BuildLiteBehavior [ RunTime:0.000000s ]
INFO: [ app_init ] --END-- [ RunTime:0.004883s ]
ERR: 无法加载模块:Login

[ 2016-12-30T20:10:26+08:00 ] 192.168.1.102 /1_NEW_project/new_system/login
INFO: [ app_init ] --START--
INFO: Run Behavior\BuildLiteBehavior [ RunTime:0.000000s ]
INFO: [ app_init ] --END-- [ RunTime:0.002930s ]
ERR: 无法加载模块:Login

[ 2016-12-30T20:10:26+08:00 ] 192.168.1.102 /1_NEW_project/new_system/login
INFO: [ app_init ] --START--
INFO: Run Behavior\BuildLiteBehavior [ RunTime:0.000000s ]
INFO: [ app_init ] --END-- [ RunTime:0.004882s ]
ERR: 无法加载模块:Login

