[ 2016-12-31T13:29:09+08:00 ] 192.168.1.107 /1_NEW_project/new_system/login/login
INFO: [ app_init ] --START--
INFO: Run Behavior\BuildLiteBehavior [ RunTime:0.000976s ]
INFO: [ app_init ] --END-- [ RunTime:0.004883s ]
ERR: 无法加载模块:Login

[ 2016-12-31T13:29:30+08:00 ] 192.168.1.107 /1_NEW_project/new_system/login/login
INFO: [ app_init ] --START--
INFO: Run Behavior\BuildLiteBehavior [ RunTime:0.000000s ]
INFO: [ app_init ] --END-- [ RunTime:0.002930s ]
ERR: 无法加载模块:Login

[ 2016-12-31T13:29:35+08:00 ] 192.168.1.107 /1_NEW_project/new_system/login/login
INFO: [ app_init ] --START--
INFO: Run Behavior\BuildLiteBehavior [ RunTime:0.000000s ]
INFO: [ app_init ] --END-- [ RunTime:0.002929s ]
ERR: 无法加载模块:Login

[ 2016-12-31T14:33:53+08:00 ] 192.168.1.107 /1_NEW_project/new_system/login
INFO: [ app_init ] --START--
INFO: Run Behavior\BuildLiteBehavior [ RunTime:0.000976s ]
INFO: [ app_init ] --END-- [ RunTime:0.002930s ]
ERR: 无法加载模块:Login

[ 2016-12-31T14:56:21+08:00 ] 192.168.1.107 /1_NEW_project/new_system/login
INFO: [ app_init ] --START--
INFO: Run Behavior\BuildLiteBehavior [ RunTime:0.000000s ]
INFO: [ app_init ] --END-- [ RunTime:0.002930s ]
ERR: 无法加载模块:Login

